Current configuration:
[NAME]		[DEFLT]		[VALUE]
-accumdir			C:/sphinx/final/bwaccumdir/final_buff_1
-agc		none		none
-agcthresh	2.0		2.000000e+00
-cepdir				C:/sphinx/final/feat
-cepext		mfc		mfc
-ceplen		13		13
-cmn		live		batch
-cmninit	40,3,-1		40,3,-1
-ctlfn				C:/sphinx/final/etc/final_train.fileids
-dictfn				
-example	no		no
-fdictfn			
-feat		1s_c_d_dd	1s_c_d_dd
-fullvar	no		no
-help		no		no
-lda				
-ldadim		0		0
-lsnfn				
-meanfn				
-moddeffn			
-npart				1
-nskip				0
-part				1
-runlen				0
-scaleseg	no		no
-segdir				
-segext		v8_seg		v8_seg
-svspec				
-ts2cbfn			
-varnorm	no		no

INFO: feat.c(715): Initializing feature stream to type: '1s_c_d_dd', ceplen=13, CMN='batch', VARNORM='no', AGC='none'
INFO: corpus.c(1062): Will process all remaining utts starting at 0
INFO: init_gau.c(134): Computing 1x1x1 mean estimates
INFO: cmn.c(133): CMN: 49.50  1.54 -16.89 -2.23 -1.20 -4.42 -6.50  8.78 -1.18  5.14 -2.43 -5.18 -0.57 
INFO: cmn.c(133): CMN: 43.01  0.19 -20.75 -2.38 -8.83 -9.86 -10.88  0.42 -4.64 -0.90  2.25 -2.68  1.47 
INFO: cmn.c(133): CMN: 42.81  1.35 -23.59 -9.89 -10.16 -4.10 -9.85 -4.89 -2.32  9.83  2.67  2.71 -4.42 
INFO: cmn.c(133): CMN: 50.26  0.53 -18.88 -3.02 -3.45 -7.95 -11.33  6.99 -11.49 11.69  2.39 -1.79 -2.55 
INFO: cmn.c(133): CMN: 48.23  4.91 -18.21 -2.42 -3.88 -10.80 -10.25  4.60 -1.12  2.47  1.96 -3.00  0.69 
INFO: cmn.c(133): CMN: 47.25  1.02 -22.27 -5.62 -14.21 -4.75 -6.75 -0.93 -11.57  9.38 -1.37  1.50 -4.46 
INFO: cmn.c(133): CMN: 43.56  0.72 -22.12 -4.15 -8.93 -7.46 -18.10 -4.50 -13.08  3.16  1.67  1.67  0.54 
INFO: cmn.c(133): CMN: 41.61  0.16 -22.52 -3.55 -5.03 -8.07 -12.26 -0.70 -7.75  9.05 -1.94  0.59  1.51 
INFO: cmn.c(133): CMN: 44.24 -2.42 -20.99 -2.98 -10.69 -8.36 -14.66  0.81 -6.24 -1.52 -0.12 -3.96 -2.98 
INFO: cmn.c(133): CMN: 39.63 -0.35 -19.84 -5.08 -5.83 -10.64 -13.16  0.97 -10.24  4.96  3.45 -1.84 -8.29 
INFO: cmn.c(133): CMN: 45.38  0.50 -13.74  3.81 -5.15 -6.10 -18.65  3.83 -11.45  9.20  1.86 -5.62  1.02 
INFO: cmn.c(133): CMN: 49.23  0.15 -9.82  6.83 -5.39 -8.56 -18.04  2.86 -13.13  4.99 -2.01 -9.37  0.68 
INFO: cmn.c(133): CMN: 50.90  4.42 -16.43 -0.57 -7.96 -4.05 -15.16  2.85 -16.09  6.47 -2.23 -6.65  0.59 
INFO: cmn.c(133): CMN: 49.75 -2.71 -18.45  0.81 -12.96 -6.40 -21.33  3.09 -12.59  4.43 -3.93 -7.69 -3.57 
INFO: cmn.c(133): CMN: 52.00 -3.00 -11.47  8.04 -12.75 -11.10 -20.02  9.43 -18.68  8.67  2.20 -6.14  4.30 
INFO: cmn.c(133): CMN: 52.22 -6.22 -10.21  8.35 -2.69 -12.27 -17.82  6.03 -8.82  9.12 -6.01  3.47  1.36 
INFO: cmn.c(133): CMN: 56.69 -3.58 -9.29 12.29 -6.04 -11.18 -14.48  4.13 -11.32  6.29 -3.47  1.99  5.42 
INFO: cmn.c(133): CMN: 55.91 -4.35 -8.73 15.37 -4.12 -12.02 -13.70  7.11 -12.31  6.75 -3.45  5.95  2.47 
INFO: cmn.c(133): CMN: 58.61 -3.99 -12.83 11.81 -8.57 -11.42 -17.59  1.51 -12.73  5.92 -0.75  4.95  0.04 
INFO: cmn.c(133): CMN: 54.31 -6.73 -12.41  6.21 -7.48 -9.34 -17.57  4.38 -9.51  5.04 -4.35  4.96  7.27 
INFO: cmn.c(133): CMN: 52.07 -3.06 -9.69 10.65 -7.90 -3.60 -16.18  2.60 -13.33 15.90  0.07  0.95  6.19 
INFO: cmn.c(133): CMN: 55.32 -3.07 -12.21 12.56 -6.00 -8.98 -13.12  5.28 -14.38  8.86  6.45  0.47  9.77 
INFO: cmn.c(133): CMN: 48.17 -1.78 -12.22  9.77 -8.74 -10.97 -8.45  1.85 -10.92 16.04  4.68  0.01  7.78 
INFO: cmn.c(133): CMN: 51.96 -3.51 -11.92 13.88 -9.85 -13.00 -9.73 -3.36 -12.23 13.76  0.46  2.42  5.89 
INFO: cmn.c(133): CMN: 50.08 -3.78 -4.27 13.64 -7.91 -12.83 -5.56 -2.67 -12.66  9.17  1.11  8.43  3.51 
INFO: cmn.c(133): CMN: 46.71 -1.53 -11.11  6.53 -7.87 -10.55 -10.56 -1.04 -7.84 10.56  7.38  3.73  3.80 
INFO: cmn.c(133): CMN: 50.64 -2.65 -12.44  1.62 -9.01 -8.88 -10.95  4.81 -14.98 11.20  1.90 -3.59  0.47 
INFO: cmn.c(133): CMN: 49.63 -4.04 -9.57  5.42 -6.06 -14.16 -12.76 -2.03 -10.86  3.11  1.61  1.76  4.49 
INFO: cmn.c(133): CMN: 49.31 -3.76 -12.13  6.57 -10.34 -13.67 -7.62 -3.25 -16.27 12.12 -2.26  0.44  1.19 
INFO: cmn.c(133): CMN: 51.56  0.62 -9.86 -0.11 -12.61 -6.01 -8.68 -5.95 -12.92  7.15  4.94  1.72  0.04 
INFO: cmn.c(133): CMN: 52.31  0.20 -12.73 -10.39 -8.01 -1.16 -14.87  5.53 -10.55  9.36  2.93  0.18 -1.55 
INFO: cmn.c(133): CMN: 49.13  3.29 -14.42 -3.01 -8.04 -5.71 -15.58  1.04 -10.59  9.65  2.23 -2.99 -2.59 
INFO: cmn.c(133): CMN: 53.27  3.31 -17.89 -3.72 -2.30 -8.25 -16.90  5.47 -13.02  9.85  6.35  4.44  0.97 
INFO: cmn.c(133): CMN: 48.61  2.10 -21.34 -4.83 -6.33 -3.66 -15.50  3.38 -7.48  6.70  5.58  0.72  0.91 
INFO: cmn.c(133): CMN: 50.97  3.88 -20.79 -7.67 -14.54 -0.58 -18.64  2.40 -9.04  1.81 10.30 -5.24 -2.02 
INFO: cmn.c(133): CMN: 47.61 -5.79 -11.48  9.86 -8.61 -11.54 -9.51 -1.44 -9.41  6.97  1.17 -2.94 -1.33 
INFO: cmn.c(133): CMN: 53.52 -8.98 -8.62  9.95 -3.71 -19.31 -10.01  2.38 -11.01  6.65  7.20 -3.75 -1.92 
INFO: cmn.c(133): CMN: 51.25 -8.04 -8.01 11.18 -9.97 -11.31 -8.10  4.05 -12.03  3.96  0.41 -1.91 -0.59 
INFO: cmn.c(133): CMN: 46.80 -4.98 -12.31  2.91 -12.38 -8.81 -14.56 -2.39 -7.04  1.41  4.15 -2.06 -1.93 
INFO: cmn.c(133): CMN: 48.15 -7.04 -9.63 10.29 -15.21 -12.40 -10.67 -1.21 -11.62  2.52  1.87 -3.05 -1.78 
INFO: cmn.c(133): CMN: 49.38  1.41 -10.96  6.26 -7.83 -10.09 -11.56  5.15 -9.48 -1.61 -1.13 -3.82 -2.24 
INFO: cmn.c(133): CMN: 45.25  1.42 -11.88  5.46 -8.08 -6.64 -13.76  0.23 -7.70  3.29  5.09 -2.38  0.68 
INFO: cmn.c(133): CMN: 46.63 -0.28 -10.69 -1.52 -7.50 -6.38 -3.59  8.02 -15.63 13.29  0.73  6.00 -2.37 
INFO: cmn.c(133): CMN: 47.54  0.99 -12.19  8.19 -6.18 -5.08 -12.05  2.31 -11.61  1.98  3.80  0.87 -0.14 
INFO: cmn.c(133): CMN: 50.33 -1.62 -11.11 12.00 -6.58 -11.26 -16.21 10.07 -13.17 -3.30 -6.70  2.88 -0.99 
INFO: cmn.c(133): CMN: 49.53  1.81 -16.81 -4.68 -2.59 -10.03 -14.43  2.62 -10.82  5.97  1.53 -2.61 -1.03 
INFO: cmn.c(133): CMN: 52.03 -1.03 -20.02 -4.99 -17.01 -2.00 -16.71  6.72 -9.86  7.53 -0.71 -7.86 -2.89 
INFO: cmn.c(133): CMN: 52.22 -0.79 -22.90 -6.27 -7.67 -5.23 -11.87 -1.17 -11.13  5.07  4.42  2.28 -7.96 
INFO: cmn.c(133): CMN: 49.68  1.08 -17.09 -9.67 -9.92 -3.99 -13.71  0.79 -11.80  5.76  1.54 -0.39 -3.35 
INFO: cmn.c(133): CMN: 53.35 -5.42 -17.20 -5.72 -14.68 -5.60 -8.64 -0.60 -5.55 13.69 -1.51  0.21 -4.07 
INFO: cmn.c(133): CMN: 48.33 -3.57 -16.16 -4.63 -0.49 -7.56 -19.40  5.13 -12.53 16.63 -2.30  2.99 -5.98 
INFO: cmn.c(133): CMN: 52.20  1.70 -26.07  3.48 -3.09 -6.68 -24.89 -12.64 -7.41  7.30 -4.33 -4.42 -4.91 
INFO: cmn.c(133): CMN: 43.74 -4.62 -16.45 -1.85 -2.12 -14.30 -21.00 -4.32 -10.41 11.72 -5.02 -2.28 -3.62 
INFO: cmn.c(133): CMN: 45.66  3.52 -15.75 -0.57 -4.94 -13.91 -21.46 -4.58 -7.32  9.50  4.76  0.60 -4.40 
INFO: cmn.c(133): CMN: 47.39  0.14 -18.67  0.22 -4.62 -9.98 -22.93  3.07 -12.28  6.67 -2.53  0.97  0.67 
INFO: cmn.c(133): CMN: 42.32 -10.21 -3.76  8.58 -9.61 -10.26 -7.05  3.72 -14.01 12.63  2.24 -1.58  6.13 
INFO: cmn.c(133): CMN: 49.89 -12.45 -6.94 10.58 -7.72 -9.61 -7.44 -2.43 -13.55  9.51 -5.01  1.49 -3.02 
INFO: cmn.c(133): CMN: 47.04 -14.94 -1.76 16.32 -5.43 -11.35 -6.31  3.22 -14.14  0.98 -0.42 -1.49  0.28 
INFO: cmn.c(133): CMN: 46.71 -12.43 -6.66  9.70 -8.29 -6.40 -5.20  1.98 -11.33  0.41 -1.79 -4.71  0.60 
INFO: cmn.c(133): CMN: 45.25 -10.88 -1.19 12.95 -9.97 -13.51 -7.82 -4.90 -15.66 -0.82  3.82 -0.52 -3.36 
INFO: cmn.c(133): CMN: 50.53 -5.22 -7.86  4.91  2.90 -13.71 -14.40  3.04 -13.93  5.43 -4.67  8.12  0.74 
INFO: cmn.c(133): CMN: 42.24 -5.35 -13.27 -2.47 -7.85 -11.90 -14.76 -4.42 -11.72  2.23 -1.23  1.31  0.77 
INFO: cmn.c(133): CMN: 48.11 -6.56 -9.28 10.49  5.47 -16.96 -15.81  0.87 -15.13  6.25 -4.85 -0.79  3.15 
INFO: cmn.c(133): CMN: 51.39 -6.36 -12.91  0.65 -2.44 -9.41 -17.63  0.81 -8.69 11.62 -5.23 -0.79  4.00 
INFO: cmn.c(133): CMN: 47.82 -8.08 -10.50  6.63 -5.59 -12.25 -21.14  7.73 -8.27 10.95 -5.53  6.21  4.54 
INFO: cmn.c(133): CMN: 48.30 -2.88 -19.09 -6.43 -10.92 -6.63 -16.00  5.52 -6.03  3.33  4.39 -4.13 -0.56 
INFO: cmn.c(133): CMN: 52.70 -0.24 -23.42 -1.80 -14.10 -5.02 -30.32 -2.57 -7.56  8.32  2.27 -3.54 -1.46 
INFO: cmn.c(133): CMN: 49.24 -3.69 -20.10  0.09 -11.49 -9.50 -18.15  0.46 -5.18  7.36  0.10  0.69 -7.30 
INFO: cmn.c(133): CMN: 44.55 -5.59 -16.62 -0.86 -6.80 -6.02 -20.77 -6.53 -4.73 -0.40 -0.86 -2.87 -6.80 
INFO: cmn.c(133): CMN: 52.77 -10.38 -20.66 -4.89 -10.11 -7.33 -20.56  2.89 -1.27  7.23 -0.74 -2.92 -1.90 
INFO: cmn.c(133): CMN: 46.19 -4.10 -8.05  7.91 -8.38 -13.46 -14.72 -1.16 -9.42  3.55 -0.46  2.37 -1.74 
INFO: cmn.c(133): CMN: 49.49 -9.04 -12.50  2.83 -21.20 -12.84 -20.02 -0.71 -12.53  6.00  1.82  0.34  3.59 
INFO: cmn.c(133): CMN: 43.54 -3.75 -9.94 -2.43 -10.82 -12.37 -21.68 -2.55 -10.96  1.28 -6.58 -0.07 -4.96 
INFO: cmn.c(133): CMN: 43.44 -5.75 -10.97 -0.45 -6.32 -16.98 -17.55  1.98 -7.21  3.77 -1.23  2.85 -1.80 
INFO: cmn.c(133): CMN: 44.74 -4.15 -14.18 -1.01 -12.28 -11.75 -17.72 -1.26 -8.41  1.38  1.71 -0.20 -6.13 
INFO: cmn.c(133): CMN: 54.08 -1.75 -16.37  1.84 -12.09 -5.02 -19.60  3.75 -7.28  0.95  5.81  6.50 -3.37 
INFO: cmn.c(133): CMN: 56.36 -3.55 -13.70  3.74 -1.28 -14.54 -20.16 11.49 -14.87  2.75  2.52  5.30 -1.97 
INFO: cmn.c(133): CMN: 49.73  0.66 -15.30  1.11 -9.50 -10.62 -12.92  3.64 -12.57  7.15  3.16  1.03 -5.09 
INFO: cmn.c(133): CMN: 53.36 -6.59 -12.54  3.21 -7.83 -11.93 -15.70  4.20 -15.96  7.16 -0.36  7.88 -7.59 
INFO: cmn.c(133): CMN: 47.55 -4.70 -14.25  0.51 -4.90 -8.34 -15.46  4.67 -8.37  6.09  0.41  5.76 -3.62 
INFO: cmn.c(133): CMN: 59.77 -4.93 -10.57  3.01 -2.76 -18.14 -20.31 -3.83 -11.39  4.11  7.18  1.92  1.26 
INFO: cmn.c(133): CMN: 51.72 -7.14 -6.56  5.34 -1.76 -15.58 -8.83  4.93 -2.44  6.57 -3.92  0.07  2.23 
INFO: cmn.c(133): CMN: 54.24 -7.48 -4.38  7.03 -0.43 -8.92 -12.33  5.64 -6.08  4.48 -4.99 -2.29 -0.80 
INFO: cmn.c(133): CMN: 53.03 -9.50 -7.47  4.23  0.12 -9.34 -15.60  2.51 -5.46  5.03 -4.63 -4.91  3.48 
INFO: cmn.c(133): CMN: 49.99 -5.14 -14.35  7.25 -4.78 -16.94 -15.47 -1.02 -6.18  0.87 -5.63 -3.56  1.41 
INFO: cmn.c(133): CMN: 45.36  4.11 -16.97 -3.03 -3.15 -4.60 -20.47 -1.45 -7.97 11.17  1.40  1.35 -2.51 
INFO: cmn.c(133): CMN: 48.26  1.93 -14.19 -0.92 -4.68 -5.34 -22.62 -4.99 -13.16  3.54  4.07  6.36 -4.56 
INFO: cmn.c(133): CMN: 46.70  5.61 -19.07 -7.13 -13.62 -2.69 -19.04 -6.27 -15.80  8.35  8.39 -2.39 -2.09 
INFO: cmn.c(133): CMN: 47.63  6.13 -18.78 -2.53 -12.16 -2.28 -20.09 -5.48 -12.31  1.68 10.54  1.77 -6.04 
INFO: cmn.c(133): CMN: 51.74  6.96 -17.79 -4.33 -10.26  0.34 -22.87 -1.78 -9.22  1.38  3.08  2.94 -0.33 
INFO: cmn.c(133): CMN: 44.87 -4.36 -16.22 -6.33 -7.37 -7.98 -13.09 -4.28 -8.82  6.51  0.05 -2.45 -0.82 
INFO: cmn.c(133): CMN: 42.13 -4.29 -9.08  0.22 -2.91 -11.38 -16.47  3.80 -7.24 -6.06 -0.81 -2.26 -1.34 
INFO: cmn.c(133): CMN: 41.91 -4.06 -17.54 -1.51 -11.12 -11.86 -13.83 -7.45 -2.53 -1.87 -1.01 -2.83 -4.78 
INFO: cmn.c(133): CMN: 39.75 -3.05 -13.31  1.62 -5.28 -14.46 -12.25 -6.25 -4.66  0.34 -0.04 -1.33 -1.35 
INFO: cmn.c(133): CMN: 44.46 -7.40 -9.94 -6.37 -5.25 -13.70 -9.94 -1.86 -0.97  7.94  1.92  0.72 -2.67 
INFO: cmn.c(133): CMN: 52.62  1.30 -22.97  9.89 -4.54 -12.91 -21.98  4.27 -2.81  7.43  4.07 -0.80 -2.92 
INFO: cmn.c(133): CMN: 54.44  3.05 -19.70  4.76 -5.03 -11.82 -15.06 10.24 -8.69  8.19  6.14  3.51  0.62 
INFO: cmn.c(133): CMN: 51.65  4.02 -16.33  2.39 -0.70 -8.13 -14.77 10.47 -5.67  9.87 -0.26 -0.01 -4.13 
INFO: cmn.c(133): CMN: 50.65 -0.18 -13.61  5.62 -0.46 -9.15 -10.33  9.35 -11.59  8.35  4.09  2.94 -3.28 
[100] INFO: cmn.c(133): CMN: 53.10  2.39 -16.27  5.55 -4.08 -6.13 -13.40  2.95 -5.58 10.14  6.21  0.52  4.74 
INFO: cmn.c(133): CMN: 38.19  1.45 -16.23 -2.68 -8.56 -6.46 -3.72  4.39 -8.98  6.24  1.19  4.88  1.67 
INFO: cmn.c(133): CMN: 45.00 -16.25 -2.39 -3.87 -8.47 -11.24 -13.06  0.67 -7.10  6.32  4.68  5.50 -3.24 
INFO: cmn.c(133): CMN: 39.41  4.25 -10.58 -1.71 -14.64 -4.72 -20.22 -3.97 -5.92  7.03 -0.68 -5.06 -2.04 
INFO: cmn.c(133): CMN: 37.10  1.54 -8.47 -0.74 -10.56 -4.64 -10.78 -3.20 -9.92  3.47 -3.99 -0.48 -1.74 
INFO: cmn.c(133): CMN: 39.03  2.47 -11.29 -4.86 -14.12 -7.01 -19.60 -5.11 -6.92  7.82 -5.95 -0.99 -3.91 
INFO: cmn.c(133): CMN: 45.50 -11.20 -2.53  8.33 -3.44 -8.00 -8.30 -1.25 -8.61  5.68  3.50  1.76 -1.12 
INFO: cmn.c(133): CMN: 44.93 -11.09 -10.49  3.44 -9.80 -7.92 -12.89 -12.34 -5.67  5.49  6.43  1.37  1.53 
INFO: cmn.c(133): CMN: 43.88 -12.39 -7.84  5.56 -10.19 -5.49 -11.79 -10.29 -15.05  6.28  4.88  0.83 -2.41 
INFO: cmn.c(133): CMN: 44.11 -6.52 -13.07 -1.24 -8.41 -18.41 -15.47 -9.05 -6.15  2.81  4.92  1.41  0.26 
INFO: cmn.c(133): CMN: 44.37 -9.07 -11.59  0.32 -16.47 -12.67 -16.07 -3.52 -7.63 -1.34  6.05 -3.41 -4.59 
INFO: cmn.c(133): CMN: 43.78 -3.30 -12.40  1.99 -7.42 -13.12 -21.71 -2.86 -15.60  9.76  6.49  4.50 -0.23 
INFO: cmn.c(133): CMN: 44.23 -5.63 -15.30 10.16 -12.32 -15.15 -17.93 -4.66 -6.97  1.22  2.34  1.24  2.42 
INFO: cmn.c(133): CMN: 50.17 -7.91 -16.01  5.71 -15.91 -14.52 -16.79 -4.89 -13.23 -0.87 12.28 -0.70 -1.76 
INFO: cmn.c(133): CMN: 44.75 -2.19 -16.96 -5.25 -14.09 -11.65 -17.04 -4.19 -10.67  8.34  0.68 -3.52 -5.26 
INFO: cmn.c(133): CMN: 39.38 -5.73 -15.07  5.58 -10.48 -12.28 -15.23 -5.10 -8.97 -3.44 -1.38  7.08  4.60 
INFO: cmn.c(133): CMN: 50.42 -10.07 -4.01 17.44 -7.17 -14.31 -7.80  6.95 -22.39  7.40  3.55  3.87  1.05 
INFO: cmn.c(133): CMN: 47.55 -5.56 -9.01 17.58 -7.39 -11.95 -6.04  1.86 -15.24  3.08  3.25  5.41  1.05 
INFO: cmn.c(133): CMN: 48.96 -7.49 -9.60 15.39 -3.16 -18.32 -11.02  4.88 -10.08  8.70 -0.07  1.90 -0.71 
INFO: cmn.c(133): CMN: 50.32 -12.20 -10.51 11.43 -11.81 -13.12 -9.64 10.04 -10.37 16.34 -12.33 -0.05  8.97 
INFO: cmn.c(133): CMN: 52.13 -6.24 -10.57 15.48 -11.81 -11.10 -11.88  4.17 -11.57 10.34  1.86 -0.02  2.66 
INFO: cmn.c(133): CMN: 46.79 -9.70 -6.26 14.37 -9.86 -12.99 -16.33 -4.19 -11.17  8.64 -2.06 -0.23  0.72 
INFO: cmn.c(133): CMN: 49.27 -8.51 -10.68  4.21 -11.34 -9.41 -8.47 -6.17 -16.66 19.84 -1.54  2.59  0.98 
INFO: cmn.c(133): CMN: 44.82 -5.44 -14.05  0.90 -18.93 -8.91 -16.26 -3.91 -9.57  8.26 -0.47  0.23  3.57 
INFO: cmn.c(133): CMN: 44.78 -9.10 -5.18  7.37 -13.25 -10.18 -11.71  1.58 -13.06  9.37 -2.37  1.66  6.66 
INFO: cmn.c(133): CMN: 40.70 -5.66 -4.77  7.55 -13.82 -11.92 -9.79  0.64 -9.98 13.29  0.92  4.34  4.37 
INFO: cmn.c(133): CMN: 40.80 -2.95 -19.27  5.50 -17.37 -13.32 -18.29 -10.74 -12.97  1.46  1.74 -1.54 -7.42 
INFO: cmn.c(133): CMN: 41.05 -0.81 -17.15  1.29 -11.61 -6.49 -9.38 -3.09 -5.61 -1.56 -1.00 -3.15 -7.83 
INFO: cmn.c(133): CMN: 39.25 -3.67 -17.25 -0.21 -9.19 -11.76 -13.78 -9.32 -14.62  4.05 -0.90  2.82 -4.51 
INFO: cmn.c(133): CMN: 37.00 -6.09 -12.68  2.28 -5.58 -11.28 -9.60 -1.64 -7.20  7.09  3.97  0.46 -1.08 
INFO: cmn.c(133): CMN: 45.61 -7.56 -15.56  1.58 -12.65 -14.80 -12.99 -1.91 -11.80 10.78  2.38  0.98  1.11 
INFO: cmn.c(133): CMN: 49.20 -6.51 -9.37 -0.91 -6.44 -12.31 -12.51 -2.58 -7.32  9.76  0.76  8.15  0.74 
INFO: cmn.c(133): CMN: 48.34 -0.99 -10.77  0.33 -5.31 -14.75 -12.89 -0.50 -4.82 12.03 -0.88  5.75 -1.29 
INFO: cmn.c(133): CMN: 47.38 -1.26 -12.77  5.88 -7.65 -14.35 -14.06 -1.44 -5.34  7.00 -2.80  1.77  1.56 
INFO: cmn.c(133): CMN: 45.90 -2.96 -13.01  5.58 -7.08 -10.10 -13.55 -3.89 -5.54 -0.46  2.53  5.97 -4.43 
INFO: cmn.c(133): CMN: 51.80 -3.01 -12.06  1.48 -7.28 -10.25 -10.40  0.80 -10.78  5.93 -1.25  2.61  1.28 
INFO: cmn.c(133): CMN: 52.65 -10.56 -4.57  2.88 -6.98 -16.18 -9.31  0.75 -8.69  5.59  0.26  2.89  5.51 
INFO: cmn.c(133): CMN: 49.56 -8.78 -11.72  4.03 -10.87 -18.58 -17.08 -4.74 -5.52  5.10  4.94  2.75  1.41 
INFO: cmn.c(133): CMN: 49.38 -9.13 -13.58  1.40 -11.94 -17.85 -15.20  5.91 -10.31  3.13  1.08  3.51  0.69 
INFO: cmn.c(133): CMN: 55.22 -0.48 -20.29 -4.85 -17.85 -20.87 -13.62 -0.87 -9.80 -4.12  8.89 -0.67 -0.79 
INFO: cmn.c(133): CMN: 55.84 -3.57 -11.19  5.19 -15.01 -19.94 -11.61 -6.77 -8.36 -2.11  6.63  2.74 -5.33 
INFO: cmn.c(133): CMN: 50.14 -3.63 -7.70 13.94 -6.58 -4.40 -5.06 -2.28 -15.86  6.87  7.70 -0.52  0.40 
INFO: cmn.c(133): CMN: 52.15 -2.16 -12.98  7.66 -16.16 -1.30 -5.77  1.93 -10.64  5.65  1.43 -0.55  0.38 
INFO: cmn.c(133): CMN: 48.14 -3.34 -15.84  4.20 -11.59 -5.74 -16.05 -6.37 -11.78 10.50 -2.44 -5.75 -1.25 
INFO: cmn.c(133): CMN: 50.77 -2.95 -14.81  6.79 -9.32 -5.76 -9.06 -0.43 -12.20  6.49  4.90  2.23 -0.93 
INFO: cmn.c(133): CMN: 46.13 -5.80 -13.54  6.41 -9.46 -11.39 -11.06  0.28 -7.21  4.06 -2.05 -3.29  1.46 
INFO: cmn.c(133): CMN: 51.02 -2.25 -13.09  7.68 -14.09 -17.48 -7.24  0.34 -9.33  3.47  1.29  1.11  8.17 
INFO: cmn.c(133): CMN: 56.21 -7.50 -10.47  7.58 -3.12 -13.69 -5.69 -0.04 -8.11  6.55  3.83 -4.48  6.30 
INFO: cmn.c(133): CMN: 50.50 -2.80 -12.30 12.07 -6.10 -11.04 -8.70 -1.66 -5.90  8.24  4.66 -6.52  6.00 
INFO: cmn.c(133): CMN: 49.69 -4.05 -12.90  9.34 -12.85 -14.63 -10.87 -2.48 -11.58 -5.52  0.70 -1.69  6.72 
INFO: cmn.c(133): CMN: 54.19 -7.04 -17.21 10.97 -12.57 -6.92 -14.63 -2.27 -7.97  2.44  0.80 -3.26  0.15 
INFO: cmn.c(133): CMN: 52.69 -5.44 -9.22 12.88 -9.96 -5.08 -12.26 -1.18 -11.48  5.38  0.66 -3.68  3.95 
INFO: cmn.c(133): CMN: 57.16 -8.01 -16.10 17.40 -12.65 -6.44 -13.81  8.42 -6.65 11.35 -4.70 -1.64  1.83 
INFO: cmn.c(133): CMN: 56.36 -9.32 -11.72 12.02 -8.38 -11.28 -12.20  5.08 -9.71 11.09  4.16  2.05  0.52 
INFO: cmn.c(133): CMN: 55.79 -7.61 -11.06 12.92 -9.50 -10.86 -11.81  5.11 -11.53  6.92  1.80 -1.51  1.38 
INFO: cmn.c(133): CMN: 50.90 -3.68 -10.63  8.11 -13.86 -8.26 -13.76  4.42 -9.60  7.92  3.78 -2.00 -0.06 
INFO: cmn.c(133): CMN: 53.04 -7.08 -13.55  1.90 -14.08 -0.48 -17.81  4.57 -17.22 15.98  5.74  2.50 -4.26 
INFO: cmn.c(133): CMN: 50.60 -11.20 -14.13 11.78 -7.55 -4.45 -18.49  3.94 -4.42 15.81 -0.99 -4.90  2.44 
INFO: cmn.c(133): CMN: 50.99 -9.64 -11.81 15.80 -5.21 -7.26 -21.23  3.29 -16.02  4.29  3.57 -5.15  5.78 
INFO: cmn.c(133): CMN: 55.72 -13.68 -12.50 17.46 -8.62 -6.29 -23.03  3.88 -11.05 14.30  2.02  0.24  3.92 
INFO: cmn.c(133): CMN: 52.70 -12.39 -13.01 13.03 -10.23 -1.52 -30.81  8.73 -9.77 18.10 -0.30 -4.09  5.73 
INFO: cmn.c(133): CMN: 45.41 -4.99 -25.01 -0.99 -11.42 -10.77 -21.21 -0.43 -7.06  4.72  2.71  1.20 -5.50 
INFO: cmn.c(133): CMN: 48.44 -9.16 -25.92 -3.60 -14.46 -3.53 -21.83  5.70 -6.93 12.74  2.67 -4.88  2.66 
INFO: cmn.c(133): CMN: 49.99 -7.65 -15.81  0.71 -13.92 -8.35 -18.37 -5.01 -8.63  3.82  1.51  0.77 -1.18 
INFO: cmn.c(133): CMN: 52.23 -10.15 -12.93 -2.83 -7.82 -10.54 -14.45  2.07 -10.49 18.84  1.61  1.62 -2.07 
INFO: cmn.c(133): CMN: 48.87 -5.35 -14.53  0.22 -10.62 -9.72 -18.12 -5.78 -10.56  2.60  0.97 -2.71 -7.03 
INFO: cmn.c(133): CMN: 52.25 -6.92 -14.07 -0.29 -8.09 -3.69 -19.76 -0.27 -8.80  5.79 -0.99 -5.85 -2.65 
INFO: cmn.c(133): CMN: 57.84 -5.94 -12.57 -6.53 -17.36 -0.73 -23.24  7.34 -21.10  6.83 -4.85  1.47 -0.04 
INFO: cmn.c(133): CMN: 54.22 -2.80 -14.74 -6.02 -11.67 -0.12 -26.66 10.63 -10.80  7.73 -0.44 -2.35 -3.21 
INFO: cmn.c(133): CMN: 53.07 -6.30 -16.88 -3.87 -11.43 -2.15 -21.64  1.57 -13.24 10.79  2.69  2.37 -3.32 
INFO: cmn.c(133): CMN: 55.02 -8.43 -13.06 -0.88 -7.86 -9.20 -24.66  8.26 -17.36  5.32  4.91  4.95 -2.26 
INFO: cmn.c(133): CMN: 53.71 -3.13 -16.89 -0.66 -12.76 -4.10 -17.08  4.88 -9.70 11.74  3.12 -3.87 -0.74 
INFO: cmn.c(133): CMN: 52.95 -3.88 -14.83 -5.96 -11.35 -8.39 -19.27 -2.63 -14.65  7.77  0.78 -2.65 -2.35 
INFO: cmn.c(133): CMN: 57.68 -1.47 -17.71 -11.08 -16.66 -4.04 -15.58  4.37 -20.96 18.05  1.50  0.96 -0.63 
INFO: cmn.c(133): CMN: 51.93 -3.62 -16.41 -9.78 -14.07 -5.78 -15.79 -1.80 -10.66  7.48  0.68 -2.45 -1.98 
INFO: cmn.c(133): CMN: 58.08 -2.06 -18.19 -6.40 -13.73 -7.20 -19.76  2.22 -14.56  4.21  2.52 -1.18  0.46 
INFO: cmn.c(133): CMN: 45.06 -7.34 -13.16 -3.08 -13.77 -6.11 -10.79 -4.42 -13.93  0.86 -0.00  3.56 -0.21 
INFO: cmn.c(133): CMN: 47.06 -2.89 -13.21  3.74 -10.99 -10.72 -13.77  1.04 -18.96  1.12  4.84 -2.78 -1.02 
INFO: cmn.c(133): CMN: 43.95 -3.74 -7.00  6.20 -7.84 -12.65 -13.88 -1.49 -13.18  1.81  6.48  1.21 -1.95 
INFO: cmn.c(133): CMN: 48.77 -1.48 -16.35  5.13 -2.92 -11.33 -24.28  1.16 -13.50  1.05  1.32  4.04 -2.39 
INFO: cmn.c(133): CMN: 48.47 -2.49 -15.67  0.55 -15.40 -6.95 -11.53 -2.25 -13.52  3.51  5.42 -1.78 -3.02 
INFO: cmn.c(133): CMN: 48.57  0.98 -11.15 -14.01 -7.90 -10.38 -23.50  4.48 -16.05  9.40 10.44  1.98 -4.18 
INFO: cmn.c(133): CMN: 50.48  1.68 -12.38 -7.26 -9.90 -0.32 -20.51 -1.32 -19.08  7.04  7.85  0.51 -1.39 
INFO: cmn.c(133): CMN: 50.69 -1.67 -9.00 -5.42 -6.68 -7.16 -21.73  0.82 -19.31  2.23 -1.48 -0.25 -5.24 
INFO: cmn.c(133): CMN: 48.66  0.66 -13.38 -4.55 -11.18 -7.86 -18.90 -5.40 -11.17  1.29  3.11 -1.24 -3.22 
INFO: cmn.c(133): CMN: 52.98  2.08 -13.65 -10.15 -9.31 -5.40 -25.77 -0.20 -24.23  8.04  8.38 -3.34 -1.74 
INFO: cmn.c(133): CMN: 52.34 -3.04 -9.40  8.12 -10.07 -5.09 -10.83  2.19 -18.75  3.82 12.44 -3.35 -1.27 
INFO: cmn.c(133): CMN: 49.61 -3.73 -9.51  6.22 -8.77 -6.44 -11.99  2.28 -21.56  7.24  4.53 -6.85 -2.48 
INFO: cmn.c(133): CMN: 47.63 -3.81 -3.86 14.62 -8.56 -6.60 -12.36  1.55 -26.46 12.69  6.66  2.83  5.04 
INFO: cmn.c(133): CMN: 44.11 -3.24 -13.83 -0.53 -13.61 -7.35 -10.72  4.14 -14.52  3.62  3.74  0.41 -0.25 
INFO: cmn.c(133): CMN: 50.07 -2.88 -12.16  3.68 -13.17 -9.08 -12.41  1.88 -18.48  2.58  3.55 -3.75 -1.21 
INFO: cmn.c(133): CMN: 46.03 -0.69 -21.02 -2.04 -8.34 -12.81 -19.40  3.49 -5.82  7.23  0.97 -1.70 -3.22 
INFO: cmn.c(133): CMN: 47.87 -1.52 -17.41 -5.53 -10.37 -6.50 -10.25  4.32 -7.24 10.08  5.63 -3.14 -4.75 
INFO: cmn.c(133): CMN: 44.18 -0.65 -12.69 -0.40 -5.41 -6.50 -14.34 -6.63 -6.63  8.46  3.27  2.68 -2.99 
INFO: cmn.c(133): CMN: 43.32 -1.71 -9.07 -3.23 -2.44 -5.28 -15.07  1.71 -3.95  5.78 -0.54 -0.42  0.10 
INFO: cmn.c(133): CMN: 47.77  4.17 -14.24 -1.28 -6.09 -10.14 -12.36  6.67 -2.76 12.15  1.47  0.33 -2.12 
INFO: cmn.c(133): CMN: 38.77 -0.07 -14.05 -2.09 -3.45 -10.38 -15.86  0.22 -14.56 -2.18 -5.18 -0.80 -4.62 
INFO: cmn.c(133): CMN: 36.00  1.20 -13.13  1.41 -2.35 -9.07 -21.27 -6.38 -11.27  5.69 -7.21 -3.18 -1.85 
INFO: cmn.c(133): CMN: 42.38 -0.26 -15.16 -0.23 -10.82 -6.53 -24.18 -1.36 -11.67  1.71 -3.19 -0.39 -3.09 
INFO: cmn.c(133): CMN: 43.65 -4.42 -21.30  0.90 -12.54 -10.56 -20.14  4.97  0.54  5.01  0.05  0.36  0.90 
[200] INFO: cmn.c(133): CMN: 42.69  0.98 -18.42 -2.67 -14.83 -8.36 -18.65  4.40 -10.47  4.91  0.49  7.08 -3.34 
INFO: cmn.c(133): CMN: 54.74  0.76 -17.14 -1.33 -14.44 -0.02 -26.14  5.47 -14.83 16.37  4.07  1.79  1.86 
INFO: cmn.c(133): CMN: 47.25  4.01 -15.20 -4.14 -0.78 -8.30 -20.91  1.60 -6.43  3.44  2.72 -2.89 -5.12 
INFO: cmn.c(133): CMN: 49.03  1.15 -12.42  5.26 -7.00 -10.04 -17.55  1.92 -19.96  8.90  3.64  1.49  2.44 
INFO: cmn.c(133): CMN: 50.95  0.38 -16.27 -5.68 -6.86 -7.21 -19.61 -0.45 -13.04 11.92  2.76  3.06 -0.04 
INFO: cmn.c(133): CMN: 48.68  1.15 -16.20 -2.26 -7.56 -5.39 -17.97  0.72 -10.93 13.80  4.04 -0.11 -0.48 
INFO: cmn.c(133): CMN: 54.45  4.35 -21.50  4.00 -6.58 -4.97 -16.04 -2.14 -1.91  8.73  6.07  1.38 -7.58 
INFO: cmn.c(133): CMN: 50.47  3.81 -19.00 -1.15 -5.01 -6.95 -23.30 -1.73 -9.43  6.43 10.48  1.04 -5.40 
INFO: cmn.c(133): CMN: 47.78  2.00 -18.31 -2.24 -3.97  1.35 -10.31 -2.02 -2.41 16.19  0.73  2.17 -0.51 
INFO: cmn.c(133): CMN: 46.47  5.06 -18.91 -0.26 -8.13 -7.41 -13.55 -0.60 -3.86 14.17  5.86  0.45 -3.44 
INFO: cmn.c(133): CMN: 45.34  0.91 -20.71  0.87 -2.71 -0.24 -12.19  0.92 -8.23 16.32  4.06  1.54 -2.64 
INFO: cmn.c(133): CMN: 43.94 -4.00 -12.68 -0.71 -9.97 -7.68 -15.61 -5.18 -6.08  3.66  1.60 -1.54  0.04 
INFO: cmn.c(133): CMN: 47.36 -3.13 -12.12 10.29  0.74 -8.08 -12.53  6.49 -8.59  3.36 -0.60 -1.68 -1.66 
INFO: cmn.c(133): CMN: 41.57 -2.50 -16.62  3.32 -7.93 -4.74 -21.71 -0.74 -11.05  5.75  2.98 -5.74  0.29 
INFO: cmn.c(133): CMN: 45.22 -4.80 -10.28  3.31 -5.36 -6.87 -18.45 -6.35 -4.45  6.30  2.30  2.92 -2.87 
INFO: cmn.c(133): CMN: 49.87 -5.60 -19.19  3.83 -7.77 -3.51 -17.47  3.27  0.68 13.68  3.22 -2.85  4.21 
INFO: cmn.c(133): CMN: 51.87  1.75 -19.07 -2.35 -3.81 -9.63 -18.22  1.50 -9.92  8.45  1.71 -8.06 -3.95 
INFO: cmn.c(133): CMN: 50.39 -2.49 -23.26 -6.75 -18.72 -7.60 -11.29  0.91 -7.99  6.71  1.27 -5.52  1.82 
INFO: cmn.c(133): CMN: 47.46 -0.97 -24.85 -2.83 -10.56 -3.84 -18.22  3.54 -5.90  4.48  1.49 -7.91 -1.66 
INFO: cmn.c(133): CMN: 46.80  0.89 -22.12 -9.10 -6.12 -5.81 -14.63 -5.87 -2.87 13.14  1.01 -2.23 -2.79 
INFO: cmn.c(133): CMN: 49.08  1.20 -28.27 -2.11 -11.66 -13.84 -23.00  2.44  0.71 12.17 -1.74 -2.54  3.01 
INFO: cmn.c(133): CMN: 54.38 -2.09 -15.13 -4.02  0.07 -14.20 -19.94  5.92 -0.36 14.19  2.30 -9.04  5.23 
INFO: cmn.c(133): CMN: 46.62 -1.23 -18.38 -8.63 -1.00 -15.80 -11.96 -1.59 -7.72 -2.61  2.88 -5.23 -7.01 
INFO: cmn.c(133): CMN: 53.40  1.97 -15.92 -8.44 -0.82 -9.96 -15.63  3.70 -13.60 16.58  3.39 -6.89 -0.50 
INFO: cmn.c(133): CMN: 50.47 -0.22 -17.75 -2.16 -7.53 -6.82 -13.99  8.45 -7.38 13.06  3.30 -7.11  1.64 
INFO: cmn.c(133): CMN: 48.91  4.82 -20.54 -7.16  0.31 -8.62 -20.27  2.63 -6.35 10.72  5.33 -0.10  1.62 
INFO: cmn.c(133): CMN: 49.13 -2.39 -13.98 12.21 -2.73 -8.04 -9.96  4.06 -8.06 12.43 -1.20 -3.33 -3.51 
INFO: cmn.c(133): CMN: 50.12 -0.32 -12.05 11.68 -0.83 -5.52 -20.61  3.29 -11.31  5.28  6.45  1.75 -3.64 
INFO: cmn.c(133): CMN: 46.96 -3.19 -14.12  9.20 -7.97 -6.34 -16.23  3.73 -2.87  7.36  0.09  3.53 -0.43 
INFO: cmn.c(133): CMN: 46.52  0.36 -13.96  4.93 -6.04 -7.87 -16.17  0.03 -10.71  3.26  4.99  2.94  0.64 
INFO: cmn.c(133): CMN: 54.18 -3.27 -15.23 10.79 -7.47 -6.41 -17.99 10.18 -10.77  7.42  5.40 -3.26  0.20 
INFO: cmn.c(133): CMN: 45.58  0.12 -15.34 -1.42 -8.93 -8.21 -13.66 -7.68 -5.49  4.95 -5.91  6.50  0.13 
INFO: cmn.c(133): CMN: 48.17  4.81 -20.74 -2.69 -9.94 -8.46 -25.19 -9.32 -11.75  6.89  0.09  4.88 -0.79 
INFO: cmn.c(133): CMN: 44.23  3.39 -16.37  1.59 -4.18 -10.95 -31.06 -12.29 -12.35  5.24 -3.47 -0.48  7.67 
INFO: cmn.c(133): CMN: 47.56  2.83 -18.21  0.26 -5.79 -9.56 -20.67  1.15 -6.30  6.35  0.04  6.58 -2.50 
INFO: cmn.c(133): CMN: 45.01 -0.68 -13.19 -1.52 -10.67 -7.59 -24.65 -2.94 -13.11  9.06 -7.05 -0.74 -0.56 
INFO: cmn.c(133): CMN: 50.28 -7.59 -12.16 -1.58 -7.54 -10.87 -18.99 12.03 -0.99 14.14 -3.43 -4.57 -1.21 
INFO: cmn.c(133): CMN: 44.86 -5.22 -15.36 -4.31 -8.31 -10.34 -20.21  4.79 -7.28  7.35 -0.61  2.37 -1.30 
INFO: cmn.c(133): CMN: 43.63 -6.39 -12.83  0.75 -8.07 -11.32 -17.04  0.84 -1.85  7.52 -4.79  2.00  1.77 
INFO: cmn.c(133): CMN: 45.24 -3.91 -12.58 -1.86 -2.17 -9.21 -17.84  1.83 -11.59  6.47 -2.66  2.50  7.27 
INFO: cmn.c(133): CMN: 49.00 -3.64 -12.90 -0.63 -7.38 -1.44 -13.42  2.71 -6.01 10.53 -5.03 -2.34  0.91 
INFO: cmn.c(133): CMN: 43.05 -4.00 -19.19 -12.63 -6.00 -0.01 -12.71 -3.53 -4.96  7.60 -0.46 -6.22 -1.91 
INFO: cmn.c(133): CMN: 41.30 -0.16 -15.63 -9.41 -8.31 -11.40 -13.77 -11.84 -5.65  9.27  3.83 -0.65 -1.08 
INFO: cmn.c(133): CMN: 40.92 -1.61 -17.50 -5.64 -4.72 -5.39 -23.86 -8.77 -4.64  4.96  7.50 -2.45 -3.58 
INFO: cmn.c(133): CMN: 42.90 -3.54 -14.29 -2.94 -4.22 -4.03 -17.46 -9.54 -8.52 15.52 -1.83 -5.64  0.16 
INFO: cmn.c(133): CMN: 38.58 -3.98 -13.99 -3.40 -8.14 -8.21 -14.28 -6.16 -1.18  8.27 -2.69  1.74  0.11 
INFO: cmn.c(133): CMN: 40.50 -7.07 -13.46  0.75 -6.97 -9.63 -18.20 -5.36 -7.57  5.02 -6.64 -3.94  2.09 
INFO: cmn.c(133): CMN: 45.34 -4.22 -17.28 -8.09 -16.15 -11.77 -19.32 -2.70  1.78 10.54 -0.50 -3.56  2.05 
INFO: cmn.c(133): CMN: 40.40 -4.70 -14.17  0.14 -13.58 -12.34 -11.41 -7.73 -1.52 -5.24 -0.90 -1.01  0.26 
INFO: cmn.c(133): CMN: 42.32 -10.16 -13.92 -1.36 -7.69 -9.52 -14.36 -6.73 -2.75  1.42 -4.32 -0.55 -3.27 
INFO: cmn.c(133): CMN: 48.02 -6.37 -11.81 -1.61 -8.30 -11.37 -16.19 -10.83 -5.63 -1.56 -2.33 -0.49 -0.55 
INFO: cmn.c(133): CMN: 40.17 -0.05 -13.73  4.59 -2.70 -8.54 -15.66 -2.74 -0.83  5.61  4.78  2.43  0.55 
INFO: cmn.c(133): CMN: 44.52  0.08 -11.52 -2.29  0.29 -3.81 -14.53 -2.41 -7.54 12.19 -2.18 -1.29 -2.40 
INFO: cmn.c(133): CMN: 49.31 -0.24 -17.13  4.55 -5.40 -7.83 -15.27  9.67 -3.82 12.76  0.30 -2.71 -0.70 
INFO: cmn.c(133): CMN: 43.56 -1.50 -12.99 -5.30 -8.89 -6.47 -14.54 -11.93 -2.74  8.13  5.34 -3.89 -0.66 
INFO: cmn.c(133): CMN: 47.68  0.57 -18.08 -0.74 -4.86 -3.51 -10.79 -1.17 -10.77  8.45  5.38 -2.15 -3.79 
INFO: cmn.c(133): CMN: 50.84  0.64 -15.47 -1.79 -10.05 -2.84 -2.97  1.98 -13.13 11.79 -1.70  0.13  2.75 
INFO: cmn.c(133): CMN: 51.54 -1.92 -19.68  7.03 -12.07 -9.04 -9.39  7.38 -3.54 16.22 -2.86  0.79 -0.92 
INFO: cmn.c(133): CMN: 44.58 -1.47 -16.91 10.38 -5.81 -13.43 -14.99  3.33 -10.73  6.50 -0.02 -3.00 -5.22 
INFO: cmn.c(133): CMN: 44.03 -3.13 -15.92  2.60 -3.43 -6.29 -3.75  2.41 -5.32 10.56 -7.93  2.60  0.28 
INFO: cmn.c(133): CMN: 49.24 -0.62 -15.43  8.10 -7.25 -8.58 -5.36  5.01 -9.39 11.48 -0.07 -7.14  6.99 
INFO: cmn.c(133): CMN: 47.60 -2.26 -9.79  6.98 -6.13 -8.07 -25.73 -4.47 -4.35 11.38 -4.89 -5.34  3.58 
INFO: cmn.c(133): CMN: 44.61 -2.03 -12.06 -1.98 -8.58 -4.28 -19.79 -3.52 -8.61 11.55 -2.69 -0.48  5.62 
INFO: cmn.c(133): CMN: 42.41 -3.01 -14.97  1.38 -7.18 -7.97 -17.90 -0.71 -7.38  9.11 -1.91 -2.59  0.32 
INFO: cmn.c(133): CMN: 46.45 -4.50 -11.25  7.84 -8.50 -17.22 -21.38 -1.24 -4.99 19.70 -6.79 -3.60  2.15 
INFO: cmn.c(133): CMN: 50.05 -1.85 -13.53  0.06 -7.45 -7.50 -19.51 -0.86 -8.62 13.99 -5.71  1.97  5.73 
INFO: cmn.c(133): CMN: 53.28 -3.22 -18.42  2.17 -6.76 -10.18 -22.93  4.17 -0.29 12.45 -4.43 -5.49 -2.23 
INFO: cmn.c(133): CMN: 51.67 -3.12 -23.26 -3.82 -6.87 -3.55 -16.98  7.68 -6.33  4.87 -0.01 -3.42  0.26 
INFO: cmn.c(133): CMN: 55.01 -2.61 -20.83 -3.36 -9.51 -1.97 -16.56  9.80 -3.68 10.71  1.07 -3.68 -0.86 
INFO: cmn.c(133): CMN: 51.97 -1.02 -20.12 -4.60 -11.82 -4.56 -16.24  0.69 -6.04 14.74 -0.29 -4.19 -5.45 
INFO: cmn.c(133): CMN: 54.12 -2.91 -18.48  0.74 -5.58 -4.92 -19.74  6.50 -8.00 10.25  0.65 -3.60 -3.76 
INFO: cmn.c(133): CMN: 48.14 -3.08 -14.55  7.68 -1.05 -15.21 -15.24  1.77 -7.72  3.35  3.14 -4.33 -3.77 
INFO: cmn.c(133): CMN: 50.80 -1.56 -14.29  2.57 -10.84 -14.22 -11.92  3.29 -3.88  4.45  6.45 -1.38 -1.09 
INFO: cmn.c(133): CMN: 54.16 -2.25 -12.33  6.50 -8.32 -11.46 -9.18  4.84 -0.56  3.95  2.51 -6.29 -1.25 
INFO: cmn.c(133): CMN: 51.63 -2.44 -10.94  9.85 -11.74 -13.77 -11.21 -4.99  1.42  2.97 -0.39  1.71  0.95 
INFO: cmn.c(133): CMN: 48.29 -1.91 -11.78  1.81 -7.83 -13.03 -18.75 -9.45 -2.71  4.89  2.27 -2.79 -2.51 
INFO: cmn.c(133): CMN: 47.49 -1.47 -15.95  2.07 -12.53 -11.55 -14.74 -1.36 -11.47  9.02  8.16  3.16  4.12 
INFO: cmn.c(133): CMN: 54.93 -1.90 -20.88  8.19 -2.36 -14.20 -20.76  7.97 -1.78 -1.55  6.04  6.04 -0.94 
INFO: cmn.c(133): CMN: 47.38 -1.24 -15.08  5.21 -6.44 -8.45 -15.79  1.83 -8.43  9.42  0.67 -5.10 -1.44 
INFO: cmn.c(133): CMN: 42.77 -2.51 -19.51  0.74 -8.76 -8.71 -13.78 -2.73 -10.68  0.55  1.07 -5.26 -2.28 
INFO: cmn.c(133): CMN: 50.37 -0.48 -20.20  5.93 -13.36 -12.73 -15.71 -3.07 -7.61 11.62  7.54  1.11  0.38 
INFO: cmn.c(133): CMN: 46.27 -6.71 -12.30  1.67  0.99 -10.41 -7.76  2.03 -12.19  5.70 -0.23 -2.40 -1.28 
INFO: cmn.c(133): CMN: 41.79 -3.54 -11.10  2.46 -7.83 -8.22 -12.18 -3.41 -7.75  4.26  3.44  0.57  3.83 
INFO: cmn.c(133): CMN: 40.14  0.64 -14.16 -0.77 -13.02 -18.47 -17.25 -4.92 -6.28 -1.61  1.02 -1.95  6.00 
INFO: cmn.c(133): CMN: 45.59 -8.30 -6.00  0.53 -2.32 -22.37 -17.48 -2.87 -6.17 11.20 -4.51  8.66  3.78 
INFO: cmn.c(133): CMN: 41.52 -9.36 -14.47  2.47 -4.66 -14.14 -16.11 -4.98 -3.71  8.15  4.20 -1.96  3.03 
INFO: cmn.c(133): CMN: 52.07 -1.35 -14.99 15.16 -3.62 -9.80 -7.90  2.56 -3.32 13.92 -1.09 -8.37  5.33 
INFO: cmn.c(133): CMN: 46.63 -1.67 -12.56  3.99 -1.07 -11.69 -12.35  0.01 -5.94  8.29  3.37 -2.78  4.13 
INFO: cmn.c(133): CMN: 40.90 -3.73 -14.96  3.10 -10.19 -13.92 -14.63 -6.05 -6.78  5.01  2.42 -0.81  1.36 
INFO: cmn.c(133): CMN: 48.99  2.37 -13.56 13.99 -6.51 -10.83 -10.49  3.88 -7.10  2.14 -0.68 -4.04  5.51 
INFO: cmn.c(133): CMN: 49.77  0.78 -19.94  5.77 -11.75 -9.18 -5.55  2.67 -4.18 12.79  0.76 -0.40  0.08 
INFO: cmn.c(133): CMN: 47.86 -4.47 -10.07  8.93 -2.31 -13.03 -4.93  1.58 -5.64 10.52 -1.32 -2.28  6.45 
INFO: cmn.c(133): CMN: 51.74 -2.76 -8.12  8.34 -8.44 -9.14 -2.52  6.80 -2.13 15.35 -0.04 -5.49  8.32 
INFO: cmn.c(133): CMN: 54.94 -5.37 -9.49 17.34 -6.00 -9.15 -8.80 -0.07 -7.28 18.79 -2.75 -8.97  3.31 
INFO: cmn.c(133): CMN: 42.36 -7.37 -8.62 11.03 -1.47 -5.88 -12.80  1.07 -5.02  3.25  5.63  0.33  1.11 
INFO: cmn.c(133): CMN: 48.61 -1.46 -12.77  7.32 -4.28 -10.17 -12.52 -2.68 -4.07  8.21  1.45 -7.68  2.50 
INFO: cmn.c(133): CMN: 51.38  1.31 -16.02  3.81 -16.01 -9.46 -0.58 -10.85 -13.77 -1.06 14.41 -0.16 -1.01 
INFO: cmn.c(133): CMN: 46.95 -8.27 -3.76 13.04 -8.17 -11.00 -4.83 -3.13 -9.89  9.14 -1.76  0.62  4.77 
INFO: cmn.c(133): CMN: 47.92 -4.76 -14.49 13.24 -6.54 -6.59 -4.42 -4.52 -10.96 14.30  1.18 -6.27  4.97 
INFO: cmn.c(133): CMN: 48.55 -5.49 -5.72 12.31 -9.62 -13.17 -7.02 -6.42 -10.90  9.38  3.45  1.62  2.13 
[300] INFO: cmn.c(133): CMN: 50.04 -1.91 -12.80  2.85 -14.31 -6.34 -7.47 -2.57 -4.64  7.63 -0.41 -5.03  1.72 
INFO: cmn.c(133): CMN: 50.57  0.46 -16.06  3.92 -7.57 -3.82 -15.74 -5.08 -7.50  5.42  4.91  0.97 -6.19 
INFO: cmn.c(133): CMN: 45.51 -1.97 -15.49 -8.01 -2.66 -6.69 -9.26  3.00 -10.50  8.72  0.51  2.34 -6.04 
INFO: cmn.c(133): CMN: 47.80 -0.47 -18.42  3.00 -8.62 -11.00 -14.36 -13.79 -11.64  6.43  4.33  9.28 -9.09 
INFO: cmn.c(133): CMN: 44.79  0.04 -20.03 -0.86 -15.51 -7.10 -15.47 -3.79 -17.01  7.55  1.43 -4.75 -6.28 
INFO: cmn.c(133): CMN: 46.57  1.41 -22.12 -4.51 -11.27 -6.45 -11.80 -1.93 -9.37  2.59  6.37  1.86 -2.56 
INFO: cmn.c(133): CMN: 48.16 -4.29 -12.87  1.44 -15.01 -5.46 -7.25  2.17 -9.67  6.12  1.98 -4.35 -4.52 
INFO: cmn.c(133): CMN: 50.35 -5.64 -11.65 -2.06 -10.94 -7.78 -13.73  4.96 -13.45  4.76 -3.81  7.06  2.49 
INFO: cmn.c(133): CMN: 48.85 -6.40 -9.83  3.22 -9.63 -6.39 -7.42  0.98 -15.94  9.45  4.05  2.16  1.00 
INFO: cmn.c(133): CMN: 47.26 -4.50 -7.07  7.21 -11.02 -6.14 -12.47  2.23 -14.21  6.48 -1.75 -2.42  4.44 
INFO: cmn.c(133): CMN: 52.08 -8.06 -8.34  1.66 -15.90 -8.03 -8.46  9.03 -7.25 10.81  4.56 -3.42  1.76 
INFO: cmn.c(133): CMN: 43.57  2.85 -17.57  2.34 -5.88 -12.26 -11.19  0.68 -6.80  8.37  2.80  1.13 -1.52 
INFO: cmn.c(133): CMN: 49.27  4.56 -22.35  2.25 -8.20 -5.34 -9.16 -4.29 -5.37  9.33  1.85 -1.02 -1.62 
INFO: cmn.c(133): CMN: 46.95  2.09 -14.56  4.02 -2.44 -11.11 -8.45 -2.29 -7.40 10.73  2.38  1.25  2.89 
INFO: cmn.c(133): CMN: 41.82  6.54 -25.66  6.50 -2.42 -14.05 -15.74 -7.12 -8.92 -0.12  5.96  0.60 -5.84 
INFO: cmn.c(133): CMN: 46.34  4.57 -20.23  2.27 -7.89 -10.15 -14.32 -4.95 -6.75  8.85  2.28 -0.46 -2.44 
INFO: cmn.c(133): CMN: 50.61 -7.32 -18.13 -0.57 -17.25 -8.82 -16.95  6.61 -23.26 18.82 -11.13  7.16 -4.39 
INFO: cmn.c(133): CMN: 46.44 -3.35 -16.22 -8.02 -14.13 -7.59 -7.86 -8.37 -6.72  9.83  3.89  1.62 -4.20 
INFO: cmn.c(133): CMN: 45.89 -8.03 -14.27 -2.03 -11.05 -5.70 -10.43 -5.95 -6.23  9.60 -2.69 -0.52 -1.36 
INFO: cmn.c(133): CMN: 54.91 -5.29 -23.52 -4.29 -23.18 -6.08 -17.01 -3.49 -3.41 -0.76 -3.33  0.43 -0.52 
INFO: cmn.c(133): CMN: 51.20 -4.84 -17.04  0.61 -13.67 -12.89 -20.72 -7.99 -7.65  8.39  0.98  3.26 -2.11 
INFO: cmn.c(133): CMN: 49.96  0.09 -19.27  7.11 -7.02 -8.42 -5.35  4.80 -9.77 11.27  3.27 -0.97 -0.45 
INFO: cmn.c(133): CMN: 47.72  3.05 -18.78  4.98 -2.83 -15.86 -7.94 -0.43 -7.31  5.79  2.86 -3.43 -1.43 
INFO: cmn.c(133): CMN: 49.61 -1.66 -17.37 -2.25 -12.35 -1.04 -13.06  4.76 -14.65 12.91 -2.28 -7.76 -5.46 
INFO: cmn.c(133): CMN: 47.13  1.30 -18.18  4.49 -8.52 -6.60 -1.64  5.57 -7.78  5.45  2.83 -5.73  0.34 
INFO: cmn.c(133): CMN: 47.07 -1.31 -16.30 -0.83 -0.42 -6.79 -7.52  3.96 -3.31  7.81  0.88 -3.27 -0.24 
INFO: cmn.c(133): CMN: 48.26  0.63 -21.95  1.05 -8.29 -15.98 -13.81 -0.48 -12.37  4.17  6.90 -0.49 -0.01 
INFO: cmn.c(133): CMN: 51.14  0.14 -20.47  0.22 -7.53 -16.18 -17.52  3.29 -6.79  6.44  4.85 -6.91 -2.71 
INFO: cmn.c(133): CMN: 46.60 -1.09 -13.09  1.54 -5.36 -4.16 -12.28 -3.95 -10.15  7.01  1.94  1.46  1.04 
INFO: cmn.c(133): CMN: 49.69 -3.58 -15.32  2.31 -5.96 -9.39 -10.59  0.65 -6.57 10.78  4.92 -0.66 -0.36 
INFO: cmn.c(133): CMN: 44.65 -2.26 -15.47  1.91 -10.28 -1.18 -14.07 -4.95 -6.85  6.89  4.40  4.12 -3.80 
INFO: cmn.c(133): CMN: 50.80 -2.19 -13.98  7.92 -4.37 -12.16 -11.11  5.47 -10.46 12.23  0.12  3.36  2.86 
INFO: cmn.c(133): CMN: 56.65 -3.23 -16.64 10.40 -9.63 -10.99 -23.04  2.62 -12.78 23.26 -4.17  2.89  4.81 
INFO: cmn.c(133): CMN: 54.87 -1.09 -15.56  5.24 -8.22 -11.14 -26.54  2.25 -14.98  8.27  2.75 -1.05  6.00 
INFO: cmn.c(133): CMN: 47.73 -4.07 -19.84  0.59 -12.34 -10.90 -18.72  2.29 -9.57  6.76 -1.15 -0.47  1.60 
INFO: cmn.c(133): CMN: 53.86  1.19 -18.56  6.94 -6.16 -9.91 -20.63  2.22 -14.03 12.42 -0.01 -1.37  0.26 
INFO: cmn.c(133): CMN: 44.57  0.76 -19.63  1.17 -10.12 -8.82 -24.55 -6.64 -2.17  7.94  0.96 -7.47 -6.11 
INFO: cmn.c(133): CMN: 44.57 -0.57 -20.40 -0.30 -12.02  0.47 -15.00 -9.63 -7.69  9.69  8.07 -5.92 -0.49 
INFO: cmn.c(133): CMN: 34.78 -2.32 -20.66  4.35 -8.72 -3.21 -6.40 -1.98  2.09  5.38 -7.16  1.85 -5.78 
INFO: cmn.c(133): CMN: 46.30 -0.21 -23.42 -4.39 -14.30 -0.94 -18.65 -9.38 -12.57 13.56  3.97 -4.16 -1.31 
INFO: cmn.c(133): CMN: 44.52  1.33 -22.21 -8.06 -18.26 -5.40 -14.79 -3.11 -7.09  7.94  6.93 -7.37 -0.10 
INFO: cmn.c(133): CMN: 45.01 -6.18 -19.55 -2.04 -14.84 -7.89 -22.53 -9.17 -1.05  2.56  4.70 -3.69 -0.72 
INFO: cmn.c(133): CMN: 47.40 -5.38 -17.03 -6.12 -14.13 -10.56 -26.08 -5.73 -4.15  4.99  6.50 -3.23 -4.23 
INFO: cmn.c(133): CMN: 45.54 -6.97 -15.38 -0.24 -8.21 -8.09 -24.52  2.30 -5.31  2.37  3.57 -5.65 -3.49 
INFO: cmn.c(133): CMN: 41.58 -3.84 -18.92 -8.50 -9.79 -4.61 -23.10 -5.65 -2.04  6.19  6.52 -9.84  1.70 
INFO: cmn.c(133): CMN: 41.28 -6.44 -11.88  0.19 -5.70 -5.87 -19.99 -3.82 -3.17 -2.68  5.02 -10.26 -6.62 
INFO: cmn.c(133): CMN: 45.54  1.92 -8.36  2.64 -7.04 -10.22 -23.65  3.45 -12.10  0.35 10.61 -9.34 -2.90 
INFO: cmn.c(133): CMN: 43.79  1.13 -8.19  6.31 -9.69 -5.70 -21.24 -1.98 -9.63  4.30  5.16 -9.44 -3.47 
INFO: cmn.c(133): CMN: 46.21 -0.95 -14.75  2.65 -15.99 -8.00 -21.06  0.96 -5.43  3.65  0.79 -8.05 -1.07 
INFO: cmn.c(133): CMN: 43.08  2.33 -18.87  1.72 -17.91 -8.78 -27.24 -3.15 -3.62  2.17  1.43 -8.64  3.18 
INFO: cmn.c(133): CMN: 46.14 -3.26 -14.90  7.74 -4.71 -1.96 -24.11 -4.23 -17.51  5.55 -2.63 -6.26 -1.80 
INFO: cmn.c(133): CMN: 47.86 -3.46 -14.79  4.04 -5.45 -15.76 -17.72  4.29 -1.27  9.47  3.67  0.81  1.95 
INFO: cmn.c(133): CMN: 51.91 -1.31 -18.99  6.15 -11.31 -17.39 -18.46 -2.03 -4.06  8.43  6.26  5.52 -5.81 
INFO: cmn.c(133): CMN: 44.97 -3.18 -13.07 -2.03 -7.64 -11.48 -15.11  2.61 -16.71 10.25  8.54 -1.41  0.29 
INFO: cmn.c(133): CMN: 48.01 -3.66 -14.73  1.07 -9.18 -8.86 -14.66  3.36 -11.80  5.08 -2.69 -3.23  0.07 
INFO: cmn.c(133): CMN: 48.09 -2.80 -9.78  4.92 -9.12 -14.71 -12.92  0.79 -9.23  5.27 -0.02  0.19  0.29 
INFO: cmn.c(133): CMN: 47.33 -4.86 -15.29  4.79 -14.41 -7.39 -16.81  3.81 -14.81 -1.16 -6.08 -4.87  6.17 
INFO: cmn.c(133): CMN: 47.37 -2.42 -15.89  7.96 -3.61 -15.07 -17.38  3.51 -1.42 -10.23 10.00 -3.73 -5.56 
INFO: cmn.c(133): CMN: 47.78 -1.45 -12.77  8.91 -10.11 -9.29 -16.04 -0.06 -12.86  6.99 -1.92 -0.14 -1.13 
INFO: cmn.c(133): CMN: 49.59 -3.86 -12.73  8.74 -9.47 -7.91 -18.73  5.40 -8.26 -3.67  1.10 -11.52 -0.94 
INFO: cmn.c(133): CMN: 41.62 -3.97 -10.02  1.85 -8.29 -4.13 -16.38  4.45 -7.74  6.52 -2.53 -6.06 -2.93 
INFO: cmn.c(133): CMN: 56.32  3.44 -15.78  4.66  5.97 -9.82 -11.79  3.43 -8.21 14.57  1.74 -1.31 -1.23 
INFO: cmn.c(133): CMN: 55.49  1.69 -13.99  7.25 -2.00 -11.26 -18.69 11.28 -11.29 14.46 -1.83 -9.55  2.25 
INFO: cmn.c(133): CMN: 52.74  0.21 -16.65  9.02 -2.27 -9.77 -21.67  3.42 -8.67  6.17  3.17 -3.67  5.62 
INFO: cmn.c(133): CMN: 49.85  0.75 -18.00 14.61  2.24 -11.31 -19.04  3.52 -4.17 10.98 -3.38  0.19  8.74 
INFO: cmn.c(133): CMN: 54.63 -2.06 -17.24  8.52 -0.06 -9.37 -19.40  5.87 -5.28 10.24 -4.16  0.20  3.65 
INFO: cmn.c(133): CMN: 55.01  0.54 -6.50 18.23 -4.89 -10.60 -20.97 16.71 -15.95  9.60  0.64 -6.68  6.88 
INFO: cmn.c(133): CMN: 51.98  0.61 -9.59 15.75 -5.79 -5.11 -13.87 10.25 -16.82 14.49 -1.25 -2.48  4.60 
INFO: cmn.c(133): CMN: 54.02  1.81 -11.17 12.98 -3.84 -7.01 -12.08  8.91 -18.48  9.11  2.81 -4.00  6.58 
INFO: cmn.c(133): CMN: 55.19  1.90 -8.11 14.21 -12.37 -8.86 -13.80 21.46 -23.80 11.34 -0.99 -1.37  5.58 
INFO: cmn.c(133): CMN: 51.03  1.65 -7.46  9.50 -10.19 -10.89 -5.64  5.43 -9.64 13.41  4.85  1.29 -1.15 
INFO: cmn.c(133): CMN: 43.58 -4.09 -22.08 -0.11 -14.06 -13.60 -19.03 -1.16  1.49  2.42 -0.53 -3.43 -2.27 
INFO: cmn.c(133): CMN: 46.86 -3.30 -19.25 -0.83 -10.13 -13.33 -18.94 -7.40 -4.72  2.62  1.66  3.51 -3.08 
INFO: cmn.c(133): CMN: 49.27 -4.88 -21.70 -3.69 -13.49 -3.87 -16.78 -0.53 -3.72 -3.06  4.52 -0.55 -4.74 
INFO: cmn.c(133): CMN: 49.40 -3.90 -17.85 -2.86 -7.51 -13.38 -12.78 -2.18  3.30  5.17  6.59 -3.74 -5.39 
INFO: cmn.c(133): CMN: 48.08 -2.68 -18.49 -7.71 -11.29 -10.01 -18.50 -3.49 -5.47 -0.23 -2.09 -3.27 -2.69 
INFO: cmn.c(133): CMN: 45.30 -5.16 -12.37 -1.40 -8.89 -13.94 -15.69 -1.53 -10.58  7.70  3.62 -3.20  6.63 
INFO: cmn.c(133): CMN: 48.51 -3.81 -13.67 -3.00 -11.87 -15.18 -16.22 -8.60  0.66  2.17  6.98 -1.83 -1.73 
INFO: cmn.c(133): CMN: 46.27 -3.60 -14.42  3.44 -10.50 -9.77 -12.59 -2.64 -9.30  9.19  0.16  0.36  9.18 
INFO: cmn.c(133): CMN: 50.54 -3.94 -6.95 -0.28 -15.96 -9.97 -6.83 -3.25 -13.82  1.44  1.26  0.66  2.09 
INFO: cmn.c(133): CMN: 44.20 -4.44 -16.53 -5.26 -8.67 -5.91 -5.70  3.38 -3.72  6.83 -6.76 -0.53  1.49 
INFO: cmn.c(133): CMN: 54.35 -11.01 -16.78  5.90  3.17 -15.78 -26.63  8.67 -2.07  1.64 -3.97  3.06  5.20 
INFO: cmn.c(133): CMN: 53.79 -6.89 -13.66  2.19 -4.57 -7.04 -22.28  3.30 -7.84  3.80 -12.84 -1.50  8.49 
INFO: cmn.c(133): CMN: 54.16 -4.45 -7.53 10.46  7.75 -11.36 -22.71  3.67 -12.77  3.95 -1.33  0.22  4.27 
INFO: cmn.c(133): CMN: 50.05 -5.60 -11.44  2.17 -1.30 -14.69 -13.53 -2.15 -3.61  7.40  5.01  3.29  6.24 
INFO: cmn.c(133): CMN: 47.90 -7.49 -10.48 -2.66 -2.13 -6.43 -15.04 -0.90 -5.31 10.72  4.65 -4.14  8.08 
INFO: cmn.c(133): CMN: 53.54 -2.35 -25.03 -3.46 -14.03 -4.79 -14.40  1.51 -4.38 10.90 -0.81  2.68 -1.12 
INFO: cmn.c(133): CMN: 49.77 -3.19 -25.03 -5.85 -14.79 -0.27 -8.61 -1.02 -11.18  7.26  8.58  6.60 -0.82 
INFO: cmn.c(133): CMN: 49.09 -2.71 -17.27  4.18 -6.54 -7.32 -9.68 -1.58 -6.65  6.11  2.66 10.23 -6.21 
INFO: cmn.c(133): CMN: 50.61 -2.50 -19.51  2.96 -7.11 -9.45 -16.91  1.71 -5.01  5.72  2.92  3.68 -6.58 
INFO: cmn.c(133): CMN: 46.12 -2.11 -17.20  2.70 -5.11 -12.02 -15.93 -4.99 -9.27 -1.32 -2.34  1.61 -4.03 
INFO: cmn.c(133): CMN: 45.94 -2.19 -16.77 -6.98 -15.22 -9.34 -12.77  0.67 -8.46  7.55  3.80 -5.07  1.05 
INFO: cmn.c(133): CMN: 48.80 -3.80 -15.67 -8.03 -5.70 -7.92 -12.27  5.86 -7.28  7.32  0.83 -4.23 -5.40 
INFO: cmn.c(133): CMN: 49.25 -2.08 -11.27 -6.18 -10.58 -8.20 -15.59 -0.54 -13.58  3.50 -1.70 -2.93 -6.39 
INFO: cmn.c(133): CMN: 48.27 -3.26 -12.39 -5.10 -4.41 -8.06 -17.97  1.14 -9.39  4.22 -8.89 -5.24 -5.55 
INFO: cmn.c(133): CMN: 44.90 -4.63 -10.77 -5.63 -2.95 -8.71 -9.77 -0.67 -7.35  8.64 -0.86 -7.42 -5.23 
INFO: cmn.c(133): CMN: 47.59 -16.80 -10.62 11.89 -5.66 -13.47 -20.54 15.67 -3.46  5.91 -5.06  3.09  3.55 
INFO: cmn.c(133): CMN: 42.81 -7.72 -17.10 16.25 -11.04 -9.65 -23.72  1.82 -1.48  3.78  2.46 -5.22  3.27 
INFO: cmn.c(133): CMN: 48.92 -6.69 -15.66 15.32 -9.54 -9.09 -24.23 -0.10 -2.74  0.63  1.04  0.86  3.43 
INFO: cmn.c(133): CMN: 45.74 -9.94 -12.95 16.51 -6.23 -15.53 -22.81 11.52  0.86  9.56  5.74 -5.08  4.18 
[400] INFO: cmn.c(133): CMN: 44.43 -6.99 -13.35  8.73 -4.27 -14.37 -22.35  4.94 -1.07  2.37 -1.57 -9.10  1.02 
INFO: cmn.c(133): CMN: 50.19 -3.54 -11.06  9.09 -4.28 -13.22 -13.47 -2.29 -10.28  8.62  4.34 -1.83 -0.39 
INFO: cmn.c(133): CMN: 53.83 -6.14 -14.78  9.69  1.50 -14.88 -14.45 -8.52 -9.87 -0.04 -2.43 -0.60  0.60 
INFO: cmn.c(133): CMN: 45.71 -3.18 -13.39  3.52 -0.02 -8.55 -12.42 -1.70 -9.90  0.88 -7.27 -5.80  0.53 
INFO: cmn.c(133): CMN: 48.09 -3.27 -13.50  4.98 -4.76 -15.68 -11.71 -1.66 -13.79  5.01 -0.03 -1.35  1.56 
INFO: cmn.c(133): CMN: 51.31 -8.60 -11.67 11.87  2.32 -16.00 -14.18  5.82 -10.62  6.46  2.36  2.80  7.95 
INFO: cmn.c(133): CMN: 51.92 -9.17 -6.34 14.29 -1.25 -12.65 -5.92  8.37 -11.89 12.92  3.58 -0.10  7.46 
INFO: cmn.c(133): CMN: 50.94 -9.47 -8.18 19.98 -1.69 -14.48 -14.12  9.79 -6.55  6.35  2.67  1.84  2.76 
INFO: cmn.c(133): CMN: 54.83 -7.91 -6.28 19.89 -6.31 -17.50 -15.07  8.52 -13.98  3.26  5.38  0.77  9.49 
INFO: cmn.c(133): CMN: 55.09 -5.36 -4.14 11.35  3.43 -17.34 -17.58  9.12 -2.34  7.17  4.91  0.62  9.26 
INFO: cmn.c(133): CMN: 49.80 -7.59 -4.64 14.42  0.07 -9.07 -21.97 11.66 -18.60 11.39 -3.13  2.76 10.58 
INFO: cmn.c(133): CMN: 54.53 -11.08 -4.77  8.12  6.65 -17.21 -11.97 -1.57 -9.54  2.33 -4.69  2.02  3.15 
INFO: cmn.c(133): CMN: 58.12 -14.44 -3.77  8.61  1.79 -4.90 -13.29 15.30 -10.65  8.70 -2.93  1.56  2.24 
INFO: cmn.c(133): CMN: 55.67 -8.67 -7.38  7.22 -4.97 -7.44 -9.70  4.40 -5.94 10.27  3.82  2.76  2.54 
INFO: cmn.c(133): CMN: 56.69 -6.88 -8.83  9.34 -4.32 -11.29 -15.98  8.52 -10.79  9.87 -0.25 -0.54  7.83 
INFO: cmn.c(133): CMN: 47.65 -8.88 -11.46  0.93 -10.89 -8.23 -8.59  2.74 -9.73 10.54 -6.14  1.42  1.54 
INFO: cmn.c(133): CMN: 52.99 -10.04 -20.39  7.40 -3.94 -8.66 -15.97  3.07 -0.79  5.21 -4.74 -1.76  1.09 
INFO: cmn.c(133): CMN: 48.24 -8.48 -12.92 -1.30 -5.69 -15.54 -15.87  3.94 -8.43  4.33  1.23 -1.34  4.14 
INFO: cmn.c(133): CMN: 51.33 -6.63 -17.48  0.59 -6.61 -15.39 -12.54 -1.04 -11.46 10.26  1.58 -2.21 -3.00 
INFO: cmn.c(133): CMN: 51.73 -8.05 -19.79  2.95 -7.80 -12.78 -20.62  5.92 -6.59 13.32 -4.96  3.41 -1.49 
INFO: cmn.c(133): CMN: 46.78 -3.37 -22.61  1.83 -6.95 -8.51 -11.06 -1.51 -7.15  9.37 -0.83 -1.12 -1.20 
INFO: cmn.c(133): CMN: 50.44 -5.60 -18.71 -2.93 -11.53 -12.85 -18.29 -6.65 -8.95 11.32  3.99 -0.34 -0.19 
INFO: cmn.c(133): CMN: 52.70 -6.26 -16.15  0.72 -7.74 -8.52 -18.41 -2.67 -13.41 10.13 -3.57 -1.35  0.75 
INFO: cmn.c(133): CMN: 46.49 -7.81 -11.49  3.60 -0.93 -13.54 -14.01  1.04 -7.27  4.74 -2.30  0.23 -3.77 
INFO: cmn.c(133): CMN: 51.80 -6.55 -16.43  7.17 -7.18 -11.46 -18.55 -1.73 -7.26 -3.14 -1.15 -1.74 -4.02 
INFO: cmn.c(133): CMN: 40.68 -9.67 -16.95 -2.06 -5.67 -9.82 -7.35  1.51 -0.16  7.93 -1.17 -2.94 -0.05 
INFO: cmn.c(133): CMN: 47.62 -9.83 -12.26 -0.11 -6.52 -24.81 -13.96 -4.54 -1.96  0.55 -2.32 -1.71  2.61 
INFO: cmn.c(133): CMN: 47.83 -7.88 -14.01 -4.64 -8.50 -17.34 -19.82 -3.20  0.22  2.08  0.63 -2.81 -1.81 
INFO: cmn.c(133): CMN: 43.53 -5.03 -10.40 -1.13 -3.22 -13.79 -16.72 -2.27 -4.71 -0.29 -2.67 -3.01  0.29 
INFO: cmn.c(133): CMN: 44.88 -13.40 -9.83 -0.01  3.32 -12.95 -15.42  4.73 -5.88 -2.33  5.15  3.42  5.28 
INFO: cmn.c(133): CMN: 50.28 -5.85 -17.54  0.11 -14.76 -16.45 -11.14 -6.72  0.82  8.19  0.78 -4.36 -4.01 
INFO: cmn.c(133): CMN: 48.27 -8.51 -8.72  4.53 -5.78 -11.21 -11.20 -2.35 -9.26  8.70 -2.24 -5.36  1.37 
INFO: cmn.c(133): CMN: 47.89 -6.58 -9.75  5.76 -6.73 -13.13 -9.52  1.86 -8.86  0.77  4.06  1.70  0.07 
INFO: cmn.c(133): CMN: 48.95 -8.24 -7.20 12.35 -7.03 -12.25 -10.57  4.84 -9.47  9.81  0.88 -2.18  7.90 
INFO: cmn.c(133): CMN: 53.84 -7.11 -12.89  1.33 -7.91 -9.11 -6.73 -1.54 -5.82 12.59 -3.47 -4.73 -2.65 
INFO: cmn.c(133): CMN: 55.89 -8.76 -8.22 12.21 -6.14 -14.77 -11.57 -4.25  1.21  9.64  0.44 -4.48  2.47 
INFO: cmn.c(133): CMN: 54.14 -12.91 -5.73 10.15 -9.54 -7.34 -9.75  2.50 -6.85  8.61 -0.97 -0.44  8.40 
INFO: cmn.c(133): CMN: 50.32 -11.93 -3.78  4.14 -5.11 -13.74 -10.50 -8.88 -10.40  5.88 -9.81 -1.06 -1.30 
INFO: cmn.c(133): CMN: 54.64 -14.59 -2.39 10.01 -7.34 -14.44 -17.27 -4.09 -16.02  9.98 -1.82  0.73 -0.91 
INFO: cmn.c(133): CMN: 47.33 -6.47 -14.46  0.95 -9.79 -15.91 -19.94 -7.35 -8.54  3.02 -4.12 -2.01 -2.56 
INFO: cmn.c(133): CMN: 49.63 -11.43 -4.65  5.22 -0.31 -18.41 -18.61 -9.92 -14.79  8.70 -0.50  0.26  2.72 
INFO: cmn.c(133): CMN: 44.58 -4.25 -10.99 -5.37 -5.86 -5.21 -13.17 -2.97 -6.01  4.62 -4.78  1.92 -0.60 
INFO: cmn.c(133): CMN: 51.70 -5.14 -18.61 -3.87 -12.83 -5.20 -20.03 -5.34  2.24 -4.79  7.08 -5.16 -3.09 
INFO: cmn.c(133): CMN: 48.55 -4.79 -21.70  0.49 -13.70 -8.30 -27.77 -7.99 -2.09  1.69  6.07 -5.67 -4.31 
INFO: cmn.c(133): CMN: 45.88 -2.08 -11.70 -9.41 -13.67 -9.52 -17.18 -12.12 -9.01 -4.08  4.06  3.66 -3.13 
INFO: cmn.c(133): CMN: 45.37 -2.25 -18.67 -5.14 -12.53 -8.94 -20.83 -8.70 -5.21 -0.26  8.00 -5.33 -1.70 
INFO: cmn.c(133): CMN: 53.07 -6.39 -13.49 -8.93 -5.22 -11.85 -17.11  0.96 -4.41  2.89  6.10 -1.26  3.48 
INFO: cmn.c(133): CMN: 48.40 -4.78 -11.08 -6.32 -7.89 -1.66 -16.02 -0.69 -10.84  9.01  3.44  4.29  2.92 
INFO: cmn.c(133): CMN: 49.53 -5.46 -13.38  1.41 -1.83 -10.42 -25.39 -6.10 -9.19  4.03  1.92 -5.62  4.91 
INFO: cmn.c(133): CMN: 50.27 -4.20 -17.59 -0.30 -17.02 -2.02 -21.19  0.74 -14.75  6.26  0.92 -5.43  0.52 
INFO: cmn.c(133): CMN: 51.68 -9.36 -22.10  1.81 -12.26 -6.78 -28.65  5.50 -9.13  4.93  1.89 -5.78  8.86 
INFO: cmn.c(133): CMN: 47.68 -9.27 -13.02  6.73 -2.49 -8.86 -17.01 -0.32 -5.08 15.41 -2.66  1.64  1.16 
INFO: cmn.c(133): CMN: 53.95 -7.14 -16.94  7.96 -5.74 -16.05 -12.90 -2.74 -8.73  7.21 -0.29  3.47 -1.94 
INFO: cmn.c(133): CMN: 50.04 -3.37 -24.24  4.38 -11.72 -10.40 -22.50  2.90  0.50  1.87  1.74 -4.30  2.71 
INFO: cmn.c(133): CMN: 47.13 -6.78 -22.08  0.51 -8.20 -13.44 -20.04  1.63 -5.35  7.00  1.31 -1.55 -3.19 
INFO: cmn.c(133): CMN: 51.94 -10.21 -17.94  3.52 -6.18 -9.43 -20.07  9.06 -7.62 13.41 -1.59 -3.16 -3.28 
INFO: cmn.c(133): CMN: 51.51 -8.75 -8.11 22.17 -0.28 -10.50 -18.76  1.02 -9.09  9.52  1.51 -3.91  6.26 
INFO: cmn.c(133): CMN: 50.36 -4.96 -11.10 16.13  3.17 -10.61 -12.94  1.88 -7.77  5.45  6.59 -4.77  2.53 
INFO: cmn.c(133): CMN: 56.03 -10.57 -17.02  2.23 -6.80 -14.36 -17.45 -2.66 -14.32 13.47 -6.50 -3.88  0.61 
INFO: cmn.c(133): CMN: 52.18 -6.96 -16.96 -1.47 -15.28 -6.94 -13.43 -1.98 -11.05  5.83 -0.96  1.65  5.28 
INFO: cmn.c(133): CMN: 49.68 -4.45 -6.82  8.63 -9.42 -13.61 -11.04 -3.87 -10.28  8.34  3.63 -6.75 -2.44 
INFO: cmn.c(133): CMN: 49.23 -4.46 -8.37  3.55 -13.00 -16.18 -18.76  5.57 -11.25 14.59 -0.74  2.81  1.27 
INFO: cmn.c(133): CMN: 52.09 -7.27 -14.52 10.08 -7.64 -13.39 -15.91 -6.66 -14.60  6.03  9.01 -4.50  5.19 
INFO: cmn.c(133): CMN: 49.69 -2.48 -15.53  4.89 -8.51 -11.86 -16.49 -1.98 -15.52  9.99  7.76 -6.49  3.25 
INFO: cmn.c(133): CMN: 46.65 -2.86 -12.80 -1.84 -10.71 -8.04 -16.28 -7.24 -8.89  5.04  3.12 -1.84 -2.62 
INFO: cmn.c(133): CMN: 49.13 -4.79 -17.28  2.86 -6.54 -10.87 -20.30 -9.75 -16.02  4.90  9.17 -2.93 -1.37 
INFO: cmn.c(133): CMN: 54.40 -7.18 -13.40  5.11 -3.76 -8.24 -14.91  6.47 -8.12 -1.38 11.35 -7.87  2.09 
INFO: cmn.c(133): CMN: 51.91 -7.12 -21.33  0.88 -13.41 -10.13 -18.16 -0.94 -11.40  2.91  2.51 -6.10 -0.89 
INFO: cmn.c(133): CMN: 53.53 -5.39 -23.43  3.71 -5.90 -8.58 -22.44 -1.31 -2.44  2.99  6.09 -7.89  0.57 
INFO: cmn.c(133): CMN: 55.39 -7.72 -20.47 -0.42 -8.00 -10.85 -19.36 -2.86 -5.92  2.27 -2.33 -2.79 -0.39 
INFO: cmn.c(133): CMN: 53.33 -8.82 -18.97 -1.81 -8.75 -10.47 -10.18  0.86  0.12  3.83  3.70 -3.99  4.48 
INFO: cmn.c(133): CMN: 52.07 -2.48 -19.28  6.62 -12.93 -6.47 -9.34  1.47 -5.76 10.23  2.78 -5.01 -1.86 
INFO: cmn.c(133): CMN: 49.79 -3.82 -18.21 12.26 -14.12 -9.89 -14.22 -1.45 -8.63  2.14 -1.71 -3.50  2.14 
INFO: cmn.c(133): CMN: 49.66 -2.85 -10.05 10.62 -5.56 -15.42 -10.60  0.23 -13.11 17.73  1.90 -1.95  3.05 
INFO: cmn.c(133): CMN: 52.34 -0.90 -16.88  8.43 -15.01  0.60 -7.00 -4.14 -8.96  1.62  2.39 -3.53  5.48 
INFO: cmn.c(133): CMN: 52.14 -6.76 -17.86  4.32 -6.84 -6.26 -9.56 -0.42 -13.69  3.72  4.80 -0.52  4.61 
INFO: cmn.c(133): CMN: 51.55 -9.44 -13.57  8.25 -6.37 -7.91 -19.75 -11.33 -1.78 12.30  0.33 -1.77  2.96 
INFO: cmn.c(133): CMN: 49.63 -4.86 -17.38  0.84 -11.09 -0.29 -9.89 -13.80 -16.90  7.57 -3.56 -3.52  6.26 
INFO: cmn.c(133): CMN: 48.33 -7.92 -10.63  7.61 -4.55 -15.05 -17.93 -9.53 -16.92  8.01 -0.88 -0.39  0.56 
INFO: cmn.c(133): CMN: 46.92 -1.90 -16.19  9.80 -13.47 -5.28 -13.23 -5.90 -14.06  7.74 -1.66 -5.79  2.09 
INFO: cmn.c(133): CMN: 45.60 -3.44 -14.80  7.26 -7.81 -8.57 -19.24 -6.17 -12.32  8.70  7.27 -6.10 -1.55 
INFO: cmn.c(133): CMN: 51.24 -3.05 -14.43 -1.00 -3.17 -0.73 -22.04  0.24 -9.88 10.97  4.23 -4.84  8.05 
INFO: cmn.c(133): CMN: 51.42 -7.60 -16.12  0.09  1.90 -6.23 -26.33  3.51 -3.10  7.09  7.05 -8.03  5.85 
INFO: cmn.c(133): CMN: 51.95 -2.50 -13.78  4.43 -8.83 -1.32 -18.06  2.32 -7.26 10.86  3.44 -2.04  0.45 
INFO: cmn.c(133): CMN: 46.84 -2.39 -15.13  0.79 -3.26 -1.23 -17.92  2.71 -9.38  7.39  1.70 -6.25  6.38 
INFO: cmn.c(133): CMN: 39.78 -2.13 -11.94 -4.02 -7.97 -6.00 -14.99 -1.39 -8.75  6.75  3.89 -5.28  1.10 
INFO: cmn.c(133): CMN: 46.55 -9.39 -9.50  8.92 -10.65  1.62 -14.22 -2.07 -15.78 16.91  0.46 -9.21 14.73 
INFO: cmn.c(133): CMN: 43.44 -7.78 -8.47  5.54 -9.07 -7.12 -16.78  2.43 -8.60  5.72 -4.19 -2.87  3.64 
INFO: cmn.c(133): CMN: 44.90 -8.68 -17.22  7.85 -11.67 -7.66 -21.68 -6.93 -3.90 11.57 11.64 -2.10  2.33 
INFO: cmn.c(133): CMN: 47.36 -9.85 -16.53  8.58 -9.01 -2.53 -16.78 -1.75 -2.91 -0.74  4.61 -2.78  2.40 
INFO: cmn.c(133): CMN: 46.85 -12.04 -11.50 -5.04 -13.03 -0.10 -13.40 -1.37 -13.75 12.41 -0.62 -3.59  9.04 
INFO: cmn.c(133): CMN: 48.69 -6.31 -8.33 -0.99 -1.33 -1.98 -8.18  4.56 -7.52  6.43  4.14 -5.11  5.81 
INFO: cmn.c(133): CMN: 44.13 -2.61 -14.18 -0.75 -6.57 -6.05 -21.43  1.56 -2.87  1.79  2.43 -2.80  0.77 
INFO: cmn.c(133): CMN: 51.33 -5.14 -15.93 10.12 -5.22 -13.25 -27.54 -0.43  3.61 11.18  4.31 -0.42  7.24 
INFO: cmn.c(133): CMN: 48.87 -2.71 -18.81 -3.64 -15.43 -11.63 -22.52  3.20 -1.98  5.10 -1.36  1.82  3.04 
INFO: cmn.c(133): CMN: 46.18 -5.85 -10.64  2.50 -4.91 -1.36 -18.36 -3.91 -9.71  2.82 -3.36 -0.84  2.66 
INFO: cmn.c(133): CMN: 46.57 -5.67 -12.40  9.08 -12.67 -7.23 -8.46  2.79 -10.92  6.65  1.63  4.81  2.08 
INFO: cmn.c(133): CMN: 51.39 -7.34 -14.12 13.36 -8.77 -5.70 -16.34 -1.23 -15.32 16.56 -3.46 -4.63  5.20 
INFO: cmn.c(133): CMN: 43.86 -0.37 -12.28  4.13 -5.61  1.81 -10.92  3.32 -7.81  8.13  3.17 -1.21  2.73 
INFO: cmn.c(133): CMN: 50.53 -2.92 -8.27  4.82 -7.97 -3.29 -7.69  2.09 -8.57  5.62  3.80 -4.34  8.93 
[500] INFO: cmn.c(133): CMN: 48.85 -5.11 -16.17  5.07 -11.74 -9.07 -15.26  5.40 -10.61 10.00 -9.26 -1.74 10.16 
INFO: cmn.c(133): CMN: 36.77 -2.03 -11.26 -0.92 -5.43 -10.66 -11.13  7.88 -15.08  9.09  3.85 -3.61  5.59 
INFO: cmn.c(133): CMN: 43.80 -6.55 -19.25  0.78 -16.21 -3.89 -25.68  4.20 -7.27 10.21 -5.10 -7.44  2.43 
INFO: cmn.c(133): CMN: 43.87 -2.63 -9.29 -1.48 -7.35 -4.85 -7.29 -1.60 -5.03  7.16  3.26 -0.30  2.36 
INFO: cmn.c(133): CMN: 46.63 -3.90 -15.58  0.74 -15.34 -1.75 -18.87 -2.69 -5.01  2.72  0.40 -1.57  0.32 
INFO: cmn.c(133): CMN: 44.68 -4.55 -13.51  3.06 -11.87 -4.07 -15.54 -8.07 -15.55 11.62  5.67 -1.45 -4.60 
INFO: cmn.c(133): CMN: 53.29 -6.18 -13.61 10.75 -5.54 -7.29 -18.21  7.79 -3.47  9.44  1.23 -5.14  0.38 
INFO: cmn.c(133): CMN: 53.47 -7.10 -13.89  7.25 -8.39 -2.88 -17.32  4.29 -6.82 13.02 -1.76 -4.99  4.89 
INFO: cmn.c(133): CMN: 56.93 -5.45 -14.48 13.54 -4.34 -8.06 -21.56 10.14 -4.48 13.64 -4.85 -2.33  8.07 
INFO: cmn.c(133): CMN: 54.69 -9.30 -12.12 11.43 -5.58 -3.26 -10.67 17.64 -10.35 13.22  3.15 -4.30  7.00 
INFO: cmn.c(133): CMN: 51.98 -7.37 -11.54 10.43 -4.61 -2.71 -13.94 10.92 -6.12  8.33 -1.38 -0.56 10.98 
INFO: cmn.c(133): CMN: 49.84 -0.97 -16.94  2.95 -11.16 -2.28 -13.51  9.39 -14.14 14.35  2.49  2.84  7.79 
INFO: cmn.c(133): CMN: 54.12  2.23 -16.91  1.54 -6.91 -1.58 -16.72  7.71 -13.53 17.42 13.98 -0.24  0.35 
INFO: cmn.c(133): CMN: 51.96  1.35 -16.86 -5.96 -12.10 -1.01 -16.71  4.84 -17.29 16.92  6.44  3.09 -1.44 
INFO: cmn.c(133): CMN: 49.72  4.21 -17.24 -6.20 -9.42  4.97 -13.32  7.29 -8.32 12.59  3.84  3.07  0.50 
INFO: cmn.c(133): CMN: 52.08  3.45 -17.22 -5.07 -13.90  2.58 -17.31 12.62 -9.73 18.67  7.63  3.33  5.29 
INFO: cmn.c(133): CMN: 51.70 -6.58 -11.91  1.92 -14.76 -5.80 -13.14 13.14 -12.11  7.70 -2.19 -1.64  1.79 
INFO: cmn.c(133): CMN: 47.89 -6.57 -14.40  6.82 -10.43 -6.63 -18.72  6.85 -12.32  9.15 -1.17 -3.94 10.66 
INFO: cmn.c(133): CMN: 50.56 -6.18 -10.33  7.16 -10.70 -9.67 -9.55  4.76 -13.22  9.21  8.24 -8.45  2.55 
INFO: cmn.c(133): CMN: 51.37 -7.00 -14.66 12.16 -12.28 -4.24 -15.46  7.86 -7.95 15.35  1.12 -12.22  7.17 
INFO: cmn.c(133): CMN: 50.13 -8.26 -10.63 13.94 -10.00 -8.22 -12.06 -5.94 -5.23  0.09 10.81 -6.48  5.10 
INFO: cmn.c(133): CMN: 52.88  1.02 -13.00 -2.50 -14.29 -4.03 -16.20  2.87 -9.77  9.77  1.08  1.50 -0.20 
INFO: cmn.c(133): CMN: 52.76 -1.13 -17.78 -4.33 -15.04 -4.59 -16.26  0.42 -5.04 10.51  4.55  1.95 -8.32 
INFO: cmn.c(133): CMN: 48.30 -1.67 -12.81 -3.72 -11.67 -4.85 -14.27 -3.13 -8.92 11.25  0.65  2.48  0.32 
INFO: cmn.c(133): CMN: 51.04  3.41 -13.30 -4.29 -15.16 -4.73 -12.37 -2.64 -14.18 10.96  5.67  7.17 -6.00 
INFO: cmn.c(133): CMN: 47.08 -0.16 -12.93  1.07 -10.60 -2.55 -9.34  0.99 -5.61  3.75 -0.56  2.36  2.49 
INFO: cmn.c(133): CMN: 53.40 -4.46 -21.06 -2.30 -15.37  3.88 -12.51 -5.37 -0.63  7.55  5.02 -2.96  2.35 
INFO: cmn.c(133): CMN: 52.50 -2.42 -17.76 -3.68 -9.61 -12.00 -7.71 -16.42 -7.77 12.01 11.75  3.44 -2.54 
INFO: cmn.c(133): CMN: 46.05 -2.64 -18.37 -3.98 -10.52 -9.00 -16.43 -13.19 -5.14 -0.53 -5.27 -3.87 -3.35 
INFO: cmn.c(133): CMN: 42.41 -1.81 -18.44 -1.27 -14.17 -8.98 -15.36 -10.56 -5.68 -2.39  6.52 -3.02 -1.13 
INFO: cmn.c(133): CMN: 47.90 -0.15 -14.29 -2.43 -1.38 -3.21 -13.49  4.60 -7.49  8.34  2.88 -1.72 -4.66 
INFO: cmn.c(133): CMN: 44.05 -5.42 -9.37 17.75  3.22 -17.67 -14.36 -4.27  3.50 -2.69  3.20  3.04 -5.44 
INFO: cmn.c(133): CMN: 45.10 -3.62 -11.42  4.01 -0.09 -8.69 -17.82 -9.52 -5.42  6.60  1.29 -3.31  5.57 
INFO: cmn.c(133): CMN: 42.72 -1.46 -12.20  0.67  0.02 -11.20 -16.43 -5.70 -6.62  4.03  8.07 -0.47 -5.42 
INFO: cmn.c(133): CMN: 45.06 -1.42 -9.33  4.82 -3.49 -8.33 -17.36 -1.12 -4.08  4.54  7.09  0.08  0.39 
INFO: cmn.c(133): CMN: 46.83 -3.77 -15.32  3.25 -8.21 -6.97 -12.18  3.08 -15.72  8.55  3.70 -2.81  3.09 
INFO: cmn.c(133): CMN: 40.78 -9.20 -5.70 -4.52 -2.81 -13.30 -14.01 -4.03 -4.28  6.16 -0.17  0.91 -5.79 
INFO: cmn.c(133): CMN: 44.50 -4.97 -7.38  1.69 -4.96 -16.55 -7.05 -0.49 -8.79  2.11  0.34  2.25 -1.99 
INFO: cmn.c(133): CMN: 44.55 -7.53 -4.75  4.04 -2.78 -16.81 -10.54  3.08 -3.29 -3.21  0.12  0.98 -7.27 
INFO: cmn.c(133): CMN: 41.90 -6.81 -10.57  3.61 -4.12 -15.94 -8.61 -3.17 -5.70 -1.24  0.33  3.40 -2.33 
INFO: cmn.c(133): CMN: 42.70 -5.75 -9.26  2.79 -7.62 -12.92 -16.53 -12.12 -8.30  0.45  0.04  7.23 -2.33 
INFO: cmn.c(133): CMN: 43.95 -2.89 -10.39  1.88 -1.27 -15.86 -13.17 11.43 -6.43  6.14 -8.80  4.11 10.44 
INFO: cmn.c(133): CMN: 51.13 -2.78 -12.44 15.99 -6.23 -16.45 -22.94 -1.34 -15.14  3.58  5.41 -6.39  5.50 
INFO: cmn.c(133): CMN: 45.22 -1.82 -19.51 -2.51 -17.57 -6.91 -12.58 -7.18 -4.10  6.68  1.81  1.12  5.08 
INFO: cmn.c(133): CMN: 51.66 -3.31 -16.02  1.12 -11.60 -11.51 -5.66 -5.01 -3.11  9.22  4.72  3.98  1.94 
INFO: cmn.c(133): CMN: 52.94 -4.69 -13.24  3.32 -5.21 -11.54 -13.88  5.13 -7.76  4.79  3.58  4.94  5.03 
INFO: s3gau_io.c(485): Wrote C:/sphinx/final/bwaccumdir/final_buff_1/gauden_counts with means [1x1x1 vector arrays]
Fri Jul 12 14:18:46 2019
