Current configuration:
[NAME]		[DEFLT]	[VALUE]
-accumdir		C:\sphinx\final\bwaccumdir\final_buff_1,
-constE		3.0	3.000000e+00
-dcountfn		
-example	no	no
-fullvar	no	no
-help		no	no
-inmeanfn		
-inmixwfn		
-invarfn		
-meanfn			C:/sphinx/final/model_parameters/final.ci_cont/means
-mixwfn			C:/sphinx/final/model_parameters/final.ci_cont/mixture_weights
-mmie		no	no
-oaccumdir		
-regmatfn		
-tiedvar	no	no
-tmatfn			C:/sphinx/final/model_parameters/final.ci_cont/transition_matrices
-varfn			C:/sphinx/final/model_parameters/final.ci_cont/variances

INFO: main.c(207): Reading and accumulating counts from C:\sphinx\final\bwaccumdir\final_buff_1
INFO: s3mixw_io.c(117): Read C:\sphinx\final\bwaccumdir\final_buff_1/mixw_counts [111x1x1 array]
INFO: s3tmat_io.c(118): Read C:\sphinx\final\bwaccumdir\final_buff_1/tmat_counts [37x3x4 array]
INFO: s3gau_io.c(386): Read C:\sphinx\final\bwaccumdir\final_buff_1/gauden_counts with means with vars (2pass) [111x1x1 vector arrays]
INFO: main.c(321): -2passvar yes
INFO: main.c(391): Normalizing mean for n_mgau= 111, n_stream= 1, n_density= 1
INFO: main.c(414): Normalizing var
INFO: s3mixw_io.c(233): Wrote C:/sphinx/final/model_parameters/final.ci_cont/mixture_weights [111x1x1 array]
INFO: s3tmat_io.c(176): Wrote C:/sphinx/final/model_parameters/final.ci_cont/transition_matrices [37x3x4 array]
INFO: s3gau_io.c(228): Wrote C:/sphinx/final/model_parameters/final.ci_cont/means [111x1x1 array]
INFO: s3gau_io.c(228): Wrote C:/sphinx/final/model_parameters/final.ci_cont/variances [111x1x1 array]
Fri Jul 12 14:18:50 2019
Current Overall Likelihood Per Frame = -160.666240660637
Convergence ratio = 2.51504128981495
